The system is: Linux - 5.3.7-200.fc30.x86_64 - x86_64
Compiling the C compiler identification source file "CMakeCCompilerId.c" succeeded.
Compiler: /usr/bin/cc 
Build flags: 
Id flags:  

The output was:
0


Compilation of the C compiler identification source "CMakeCCompilerId.c" produced "a.out"

The C compiler identification is GNU, found in "/localdisk/rsanna/Montage/ext/Clevel-Hashing/CMakeFiles/3.14.5/CompilerIdC/a.out"

Compiling the CXX compiler identification source file "CMakeCXXCompilerId.cpp" succeeded.
Compiler: /usr/bin/c++ 
Build flags: 
Id flags:  

The output was:
0


Compilation of the CXX compiler identification source "CMakeCXXCompilerId.cpp" produced "a.out"

The CXX compiler identification is GNU, found in "/localdisk/rsanna/Montage/ext/Clevel-Hashing/CMakeFiles/3.14.5/CompilerIdCXX/a.out"

Determining if the C compiler works passed with the following output:
Change Dir: /localdisk/rsanna/Montage/ext/Clevel-Hashing/CMakeFiles/CMakeTmp

Run Build Command(s):/usr/bin/gmake cmTC_506be/fast 
/usr/bin/gmake -f CMakeFiles/cmTC_506be.dir/build.make CMakeFiles/cmTC_506be.dir/build
gmake[1]: Entering directory '/localdisk/rsanna/Montage/ext/Clevel-Hashing/CMakeFiles/CMakeTmp'
Building C object CMakeFiles/cmTC_506be.dir/testCCompiler.c.o
/usr/bin/cc    -o CMakeFiles/cmTC_506be.dir/testCCompiler.c.o   -c /localdisk/rsanna/Montage/ext/Clevel-Hashing/CMakeFiles/CMakeTmp/testCCompiler.c
Linking C executable cmTC_506be
/usr/bin/cmake -E cmake_link_script CMakeFiles/cmTC_506be.dir/link.txt --verbose=1
/usr/bin/cc      -rdynamic CMakeFiles/cmTC_506be.dir/testCCompiler.c.o  -o cmTC_506be 
gmake[1]: Leaving directory '/localdisk/rsanna/Montage/ext/Clevel-Hashing/CMakeFiles/CMakeTmp'


Detecting C compiler ABI info compiled with the following output:
Change Dir: /localdisk/rsanna/Montage/ext/Clevel-Hashing/CMakeFiles/CMakeTmp

Run Build Command(s):/usr/bin/gmake cmTC_816ba/fast 
/usr/bin/gmake -f CMakeFiles/cmTC_816ba.dir/build.make CMakeFiles/cmTC_816ba.dir/build
gmake[1]: Entering directory '/localdisk/rsanna/Montage/ext/Clevel-Hashing/CMakeFiles/CMakeTmp'
Building C object CMakeFiles/cmTC_816ba.dir/CMakeCCompilerABI.c.o
/usr/bin/cc   -v -o CMakeFiles/cmTC_816ba.dir/CMakeCCompilerABI.c.o   -c /usr/share/cmake/Modules/CMakeCCompilerABI.c
Using built-in specs.
COLLECT_GCC=/usr/bin/cc
OFFLOAD_TARGET_NAMES=nvptx-none
OFFLOAD_TARGET_DEFAULT=1
Target: x86_64-redhat-linux
Configured with: ../configure --enable-bootstrap --enable-languages=c,c++,fortran,objc,obj-c++,ada,go,d,lto --prefix=/usr --mandir=/usr/share/man --infodir=/usr/share/info --with-bugurl=http://bugzilla.redhat.com/bugzilla --enable-shared --enable-threads=posix --enable-checking=release --enable-multilib --with-system-zlib --enable-__cxa_atexit --disable-libunwind-exceptions --enable-gnu-unique-object --enable-linker-build-id --with-gcc-major-version-only --with-linker-hash-style=gnu --enable-plugin --enable-initfini-array --with-isl --enable-offload-targets=nvptx-none --without-cuda-driver --enable-gnu-indirect-function --enable-cet --with-tune=generic --with-arch_32=i686 --build=x86_64-redhat-linux
Thread model: posix
gcc version 9.2.1 20190827 (Red Hat 9.2.1-1) (GCC) 
COLLECT_GCC_OPTIONS='-v' '-o' 'CMakeFiles/cmTC_816ba.dir/CMakeCCompilerABI.c.o' '-c' '-mtune=generic' '-march=x86-64'
 /usr/libexec/gcc/x86_64-redhat-linux/9/cc1 -quiet -v /usr/share/cmake/Modules/CMakeCCompilerABI.c -quiet -dumpbase CMakeCCompilerABI.c -mtune=generic -march=x86-64 -auxbase-strip CMakeFiles/cmTC_816ba.dir/CMakeCCompilerABI.c.o -version -o /tmp/ccRmOYlX.s
GNU C17 (GCC) version 9.2.1 20190827 (Red Hat 9.2.1-1) (x86_64-redhat-linux)
	compiled by GNU C version 9.2.1 20190827 (Red Hat 9.2.1-1), GMP version 6.1.2, MPFR version 3.1.6-p2, MPC version 1.1.0, isl version isl-0.16.1-GMP

GGC heuristics: --param ggc-min-expand=100 --param ggc-min-heapsize=131072
ignoring nonexistent directory "/usr/lib/gcc/x86_64-redhat-linux/9/include-fixed"
ignoring nonexistent directory "/usr/lib/gcc/x86_64-redhat-linux/9/../../../../x86_64-redhat-linux/include"
#include "..." search starts here:
#include <...> search starts here:
 /usr/lib/gcc/x86_64-redhat-linux/9/include
 /usr/local/include
 /usr/include
End of search list.
GNU C17 (GCC) version 9.2.1 20190827 (Red Hat 9.2.1-1) (x86_64-redhat-linux)
	compiled by GNU C version 9.2.1 20190827 (Red Hat 9.2.1-1), GMP version 6.1.2, MPFR version 3.1.6-p2, MPC version 1.1.0, isl version isl-0.16.1-GMP

GGC heuristics: --param ggc-min-expand=100 --param ggc-min-heapsize=131072
Compiler executable checksum: cdb7cfef2fa04cfc6031f08370657739
COLLECT_GCC_OPTIONS='-v' '-o' 'CMakeFiles/cmTC_816ba.dir/CMakeCCompilerABI.c.o' '-c' '-mtune=generic' '-march=x86-64'
 as -v --64 -o CMakeFiles/cmTC_816ba.dir/CMakeCCompilerABI.c.o /tmp/ccRmOYlX.s
GNU assembler version 2.31.1 (x86_64-redhat-linux) using BFD version version 2.31.1-29.fc30
COMPILER_PATH=/usr/libexec/gcc/x86_64-redhat-linux/9/:/usr/libexec/gcc/x86_64-redhat-linux/9/:/usr/libexec/gcc/x86_64-redhat-linux/:/usr/lib/gcc/x86_64-redhat-linux/9/:/usr/lib/gcc/x86_64-redhat-linux/
LIBRARY_PATH=/usr/lib/gcc/x86_64-redhat-linux/9/:/usr/lib/gcc/x86_64-redhat-linux/9/../../../../lib64/:/lib/../lib64/:/usr/lib/../lib64/:/usr/lib/gcc/x86_64-redhat-linux/9/../../../:/lib/:/usr/lib/
COLLECT_GCC_OPTIONS='-v' '-o' 'CMakeFiles/cmTC_816ba.dir/CMakeCCompilerABI.c.o' '-c' '-mtune=generic' '-march=x86-64'
Linking C executable cmTC_816ba
/usr/bin/cmake -E cmake_link_script CMakeFiles/cmTC_816ba.dir/link.txt --verbose=1
/usr/bin/cc     -v -rdynamic CMakeFiles/cmTC_816ba.dir/CMakeCCompilerABI.c.o  -o cmTC_816ba 
Using built-in specs.
COLLECT_GCC=/usr/bin/cc
COLLECT_LTO_WRAPPER=/usr/libexec/gcc/x86_64-redhat-linux/9/lto-wrapper
OFFLOAD_TARGET_NAMES=nvptx-none
OFFLOAD_TARGET_DEFAULT=1
Target: x86_64-redhat-linux
Configured with: ../configure --enable-bootstrap --enable-languages=c,c++,fortran,objc,obj-c++,ada,go,d,lto --prefix=/usr --mandir=/usr/share/man --infodir=/usr/share/info --with-bugurl=http://bugzilla.redhat.com/bugzilla --enable-shared --enable-threads=posix --enable-checking=release --enable-multilib --with-system-zlib --enable-__cxa_atexit --disable-libunwind-exceptions --enable-gnu-unique-object --enable-linker-build-id --with-gcc-major-version-only --with-linker-hash-style=gnu --enable-plugin --enable-initfini-array --with-isl --enable-offload-targets=nvptx-none --without-cuda-driver --enable-gnu-indirect-function --enable-cet --with-tune=generic --with-arch_32=i686 --build=x86_64-redhat-linux
Thread model: posix
gcc version 9.2.1 20190827 (Red Hat 9.2.1-1) (GCC) 
COMPILER_PATH=/usr/libexec/gcc/x86_64-redhat-linux/9/:/usr/libexec/gcc/x86_64-redhat-linux/9/:/usr/libexec/gcc/x86_64-redhat-linux/:/usr/lib/gcc/x86_64-redhat-linux/9/:/usr/lib/gcc/x86_64-redhat-linux/
LIBRARY_PATH=/usr/lib/gcc/x86_64-redhat-linux/9/:/usr/lib/gcc/x86_64-redhat-linux/9/../../../../lib64/:/lib/../lib64/:/usr/lib/../lib64/:/usr/lib/gcc/x86_64-redhat-linux/9/../../../:/lib/:/usr/lib/
COLLECT_GCC_OPTIONS='-v' '-rdynamic' '-o' 'cmTC_816ba' '-mtune=generic' '-march=x86-64'
 /usr/libexec/gcc/x86_64-redhat-linux/9/collect2 -plugin /usr/libexec/gcc/x86_64-redhat-linux/9/liblto_plugin.so -plugin-opt=/usr/libexec/gcc/x86_64-redhat-linux/9/lto-wrapper -plugin-opt=-fresolution=/tmp/ccCTRSa3.res -plugin-opt=-pass-through=-lgcc -plugin-opt=-pass-through=-lgcc_s -plugin-opt=-pass-through=-lc -plugin-opt=-pass-through=-lgcc -plugin-opt=-pass-through=-lgcc_s --build-id --no-add-needed --eh-frame-hdr --hash-style=gnu -m elf_x86_64 -export-dynamic -dynamic-linker /lib64/ld-linux-x86-64.so.2 -o cmTC_816ba /usr/lib/gcc/x86_64-redhat-linux/9/../../../../lib64/crt1.o /usr/lib/gcc/x86_64-redhat-linux/9/../../../../lib64/crti.o /usr/lib/gcc/x86_64-redhat-linux/9/crtbegin.o -L/usr/lib/gcc/x86_64-redhat-linux/9 -L/usr/lib/gcc/x86_64-redhat-linux/9/../../../../lib64 -L/lib/../lib64 -L/usr/lib/../lib64 -L/usr/lib/gcc/x86_64-redhat-linux/9/../../.. CMakeFiles/cmTC_816ba.dir/CMakeCCompilerABI.c.o -lgcc --push-state --as-needed -lgcc_s --pop-state -lc -lgcc --push-state --as-needed -lgcc_s --pop-state /usr/lib/gcc/x86_64-redhat-linux/9/crtend.o /usr/lib/gcc/x86_64-redhat-linux/9/../../../../lib64/crtn.o
COLLECT_GCC_OPTIONS='-v' '-rdynamic' '-o' 'cmTC_816ba' '-mtune=generic' '-march=x86-64'
gmake[1]: Leaving directory '/localdisk/rsanna/Montage/ext/Clevel-Hashing/CMakeFiles/CMakeTmp'


Parsed C implicit include dir info from above output: rv=done
  found start of include info
  found start of implicit include info
    add: [/usr/lib/gcc/x86_64-redhat-linux/9/include]
    add: [/usr/local/include]
    add: [/usr/include]
  end of search list found
  collapse include dir [/usr/lib/gcc/x86_64-redhat-linux/9/include] ==> [/usr/lib/gcc/x86_64-redhat-linux/9/include]
  collapse include dir [/usr/local/include] ==> [/usr/local/include]
  collapse include dir [/usr/include] ==> [/usr/include]
  implicit include dirs: [/usr/lib/gcc/x86_64-redhat-linux/9/include;/usr/local/include;/usr/include]


Parsed C implicit link information from above output:
  link line regex: [^( *|.*[/\])(ld|CMAKE_LINK_STARTFILE-NOTFOUND|([^/\]+-)?ld|collect2)[^/\]*( |$)]
  ignore line: [Change Dir: /localdisk/rsanna/Montage/ext/Clevel-Hashing/CMakeFiles/CMakeTmp]
  ignore line: []
  ignore line: [Run Build Command(s):/usr/bin/gmake cmTC_816ba/fast ]
  ignore line: [/usr/bin/gmake -f CMakeFiles/cmTC_816ba.dir/build.make CMakeFiles/cmTC_816ba.dir/build]
  ignore line: [gmake[1]: Entering directory '/localdisk/rsanna/Montage/ext/Clevel-Hashing/CMakeFiles/CMakeTmp']
  ignore line: [Building C object CMakeFiles/cmTC_816ba.dir/CMakeCCompilerABI.c.o]
  ignore line: [/usr/bin/cc   -v -o CMakeFiles/cmTC_816ba.dir/CMakeCCompilerABI.c.o   -c /usr/share/cmake/Modules/CMakeCCompilerABI.c]
  ignore line: [Using built-in specs.]
  ignore line: [COLLECT_GCC=/usr/bin/cc]
  ignore line: [OFFLOAD_TARGET_NAMES=nvptx-none]
  ignore line: [OFFLOAD_TARGET_DEFAULT=1]
  ignore line: [Target: x86_64-redhat-linux]
  ignore line: [Configured with: ../configure --enable-bootstrap --enable-languages=c,c++,fortran,objc,obj-c++,ada,go,d,lto --prefix=/usr --mandir=/usr/share/man --infodir=/usr/share/info --with-bugurl=http://bugzilla.redhat.com/bugzilla --enable-shared --enable-threads=posix --enable-checking=release --enable-multilib --with-system-zlib --enable-__cxa_atexit --disable-libunwind-exceptions --enable-gnu-unique-object --enable-linker-build-id --with-gcc-major-version-only --with-linker-hash-style=gnu --enable-plugin --enable-initfini-array --with-isl --enable-offload-targets=nvptx-none --without-cuda-driver --enable-gnu-indirect-function --enable-cet --with-tune=generic --with-arch_32=i686 --build=x86_64-redhat-linux]
  ignore line: [Thread model: posix]
  ignore line: [gcc version 9.2.1 20190827 (Red Hat 9.2.1-1) (GCC) ]
  ignore line: [COLLECT_GCC_OPTIONS='-v' '-o' 'CMakeFiles/cmTC_816ba.dir/CMakeCCompilerABI.c.o' '-c' '-mtune=generic' '-march=x86-64']
  ignore line: [ /usr/libexec/gcc/x86_64-redhat-linux/9/cc1 -quiet -v /usr/share/cmake/Modules/CMakeCCompilerABI.c -quiet -dumpbase CMakeCCompilerABI.c -mtune=generic -march=x86-64 -auxbase-strip CMakeFiles/cmTC_816ba.dir/CMakeCCompilerABI.c.o -version -o /tmp/ccRmOYlX.s]
  ignore line: [GNU C17 (GCC) version 9.2.1 20190827 (Red Hat 9.2.1-1) (x86_64-redhat-linux)]
  ignore line: [	compiled by GNU C version 9.2.1 20190827 (Red Hat 9.2.1-1), GMP version 6.1.2, MPFR version 3.1.6-p2, MPC version 1.1.0, isl version isl-0.16.1-GMP]
  ignore line: []
  ignore line: [GGC heuristics: --param ggc-min-expand=100 --param ggc-min-heapsize=131072]
  ignore line: [ignoring nonexistent directory "/usr/lib/gcc/x86_64-redhat-linux/9/include-fixed"]
  ignore line: [ignoring nonexistent directory "/usr/lib/gcc/x86_64-redhat-linux/9/../../../../x86_64-redhat-linux/include"]
  ignore line: [#include "..." search starts here:]
  ignore line: [#include <...> search starts here:]
  ignore line: [ /usr/lib/gcc/x86_64-redhat-linux/9/include]
  ignore line: [ /usr/local/include]
  ignore line: [ /usr/include]
  ignore line: [End of search list.]
  ignore line: [GNU C17 (GCC) version 9.2.1 20190827 (Red Hat 9.2.1-1) (x86_64-redhat-linux)]
  ignore line: [	compiled by GNU C version 9.2.1 20190827 (Red Hat 9.2.1-1), GMP version 6.1.2, MPFR version 3.1.6-p2, MPC version 1.1.0, isl version isl-0.16.1-GMP]
  ignore line: []
  ignore line: [GGC heuristics: --param ggc-min-expand=100 --param ggc-min-heapsize=131072]
  ignore line: [Compiler executable checksum: cdb7cfef2fa04cfc6031f08370657739]
  ignore line: [COLLECT_GCC_OPTIONS='-v' '-o' 'CMakeFiles/cmTC_816ba.dir/CMakeCCompilerABI.c.o' '-c' '-mtune=generic' '-march=x86-64']
  ignore line: [ as -v --64 -o CMakeFiles/cmTC_816ba.dir/CMakeCCompilerABI.c.o /tmp/ccRmOYlX.s]
  ignore line: [GNU assembler version 2.31.1 (x86_64-redhat-linux) using BFD version version 2.31.1-29.fc30]
  ignore line: [COMPILER_PATH=/usr/libexec/gcc/x86_64-redhat-linux/9/:/usr/libexec/gcc/x86_64-redhat-linux/9/:/usr/libexec/gcc/x86_64-redhat-linux/:/usr/lib/gcc/x86_64-redhat-linux/9/:/usr/lib/gcc/x86_64-redhat-linux/]
  ignore line: [LIBRARY_PATH=/usr/lib/gcc/x86_64-redhat-linux/9/:/usr/lib/gcc/x86_64-redhat-linux/9/../../../../lib64/:/lib/../lib64/:/usr/lib/../lib64/:/usr/lib/gcc/x86_64-redhat-linux/9/../../../:/lib/:/usr/lib/]
  ignore line: [COLLECT_GCC_OPTIONS='-v' '-o' 'CMakeFiles/cmTC_816ba.dir/CMakeCCompilerABI.c.o' '-c' '-mtune=generic' '-march=x86-64']
  ignore line: [Linking C executable cmTC_816ba]
  ignore line: [/usr/bin/cmake -E cmake_link_script CMakeFiles/cmTC_816ba.dir/link.txt --verbose=1]
  ignore line: [/usr/bin/cc     -v -rdynamic CMakeFiles/cmTC_816ba.dir/CMakeCCompilerABI.c.o  -o cmTC_816ba ]
  ignore line: [Using built-in specs.]
  ignore line: [COLLECT_GCC=/usr/bin/cc]
  ignore line: [COLLECT_LTO_WRAPPER=/usr/libexec/gcc/x86_64-redhat-linux/9/lto-wrapper]
  ignore line: [OFFLOAD_TARGET_NAMES=nvptx-none]
  ignore line: [OFFLOAD_TARGET_DEFAULT=1]
  ignore line: [Target: x86_64-redhat-linux]
  ignore line: [Configured with: ../configure --enable-bootstrap --enable-languages=c,c++,fortran,objc,obj-c++,ada,go,d,lto --prefix=/usr --mandir=/usr/share/man --infodir=/usr/share/info --with-bugurl=http://bugzilla.redhat.com/bugzilla --enable-shared --enable-threads=posix --enable-checking=release --enable-multilib --with-system-zlib --enable-__cxa_atexit --disable-libunwind-exceptions --enable-gnu-unique-object --enable-linker-build-id --with-gcc-major-version-only --with-linker-hash-style=gnu --enable-plugin --enable-initfini-array --with-isl --enable-offload-targets=nvptx-none --without-cuda-driver --enable-gnu-indirect-function --enable-cet --with-tune=generic --with-arch_32=i686 --build=x86_64-redhat-linux]
  ignore line: [Thread model: posix]
  ignore line: [gcc version 9.2.1 20190827 (Red Hat 9.2.1-1) (GCC) ]
  ignore line: [COMPILER_PATH=/usr/libexec/gcc/x86_64-redhat-linux/9/:/usr/libexec/gcc/x86_64-redhat-linux/9/:/usr/libexec/gcc/x86_64-redhat-linux/:/usr/lib/gcc/x86_64-redhat-linux/9/:/usr/lib/gcc/x86_64-redhat-linux/]
  ignore line: [LIBRARY_PATH=/usr/lib/gcc/x86_64-redhat-linux/9/:/usr/lib/gcc/x86_64-redhat-linux/9/../../../../lib64/:/lib/../lib64/:/usr/lib/../lib64/:/usr/lib/gcc/x86_64-redhat-linux/9/../../../:/lib/:/usr/lib/]
  ignore line: [COLLECT_GCC_OPTIONS='-v' '-rdynamic' '-o' 'cmTC_816ba' '-mtune=generic' '-march=x86-64']
  link line: [ /usr/libexec/gcc/x86_64-redhat-linux/9/collect2 -plugin /usr/libexec/gcc/x86_64-redhat-linux/9/liblto_plugin.so -plugin-opt=/usr/libexec/gcc/x86_64-redhat-linux/9/lto-wrapper -plugin-opt=-fresolution=/tmp/ccCTRSa3.res -plugin-opt=-pass-through=-lgcc -plugin-opt=-pass-through=-lgcc_s -plugin-opt=-pass-through=-lc -plugin-opt=-pass-through=-lgcc -plugin-opt=-pass-through=-lgcc_s --build-id --no-add-needed --eh-frame-hdr --hash-style=gnu -m elf_x86_64 -export-dynamic -dynamic-linker /lib64/ld-linux-x86-64.so.2 -o cmTC_816ba /usr/lib/gcc/x86_64-redhat-linux/9/../../../../lib64/crt1.o /usr/lib/gcc/x86_64-redhat-linux/9/../../../../lib64/crti.o /usr/lib/gcc/x86_64-redhat-linux/9/crtbegin.o -L/usr/lib/gcc/x86_64-redhat-linux/9 -L/usr/lib/gcc/x86_64-redhat-linux/9/../../../../lib64 -L/lib/../lib64 -L/usr/lib/../lib64 -L/usr/lib/gcc/x86_64-redhat-linux/9/../../.. CMakeFiles/cmTC_816ba.dir/CMakeCCompilerABI.c.o -lgcc --push-state --as-needed -lgcc_s --pop-state -lc -lgcc --push-state --as-needed -lgcc_s --pop-state /usr/lib/gcc/x86_64-redhat-linux/9/crtend.o /usr/lib/gcc/x86_64-redhat-linux/9/../../../../lib64/crtn.o]
    arg [/usr/libexec/gcc/x86_64-redhat-linux/9/collect2] ==> ignore
    arg [-plugin] ==> ignore
    arg [/usr/libexec/gcc/x86_64-redhat-linux/9/liblto_plugin.so] ==> ignore
    arg [-plugin-opt=/usr/libexec/gcc/x86_64-redhat-linux/9/lto-wrapper] ==> ignore
    arg [-plugin-opt=-fresolution=/tmp/ccCTRSa3.res] ==> ignore
    arg [-plugin-opt=-pass-through=-lgcc] ==> ignore
    arg [-plugin-opt=-pass-through=-lgcc_s] ==> ignore
    arg [-plugin-opt=-pass-through=-lc] ==> ignore
    arg [-plugin-opt=-pass-through=-lgcc] ==> ignore
    arg [-plugin-opt=-pass-through=-lgcc_s] ==> ignore
    arg [--build-id] ==> ignore
    arg [--no-add-needed] ==> ignore
    arg [--eh-frame-hdr] ==> ignore
    arg [--hash-style=gnu] ==> ignore
    arg [-m] ==> ignore
    arg [elf_x86_64] ==> ignore
    arg [-export-dynamic] ==> ignore
    arg [-dynamic-linker] ==> ignore
    arg [/lib64/ld-linux-x86-64.so.2] ==> ignore
    arg [-o] ==> ignore
    arg [cmTC_816ba] ==> ignore
    arg [/usr/lib/gcc/x86_64-redhat-linux/9/../../../../lib64/crt1.o] ==> ignore
    arg [/usr/lib/gcc/x86_64-redhat-linux/9/../../../../lib64/crti.o] ==> ignore
    arg [/usr/lib/gcc/x86_64-redhat-linux/9/crtbegin.o] ==> ignore
    arg [-L/usr/lib/gcc/x86_64-redhat-linux/9] ==> dir [/usr/lib/gcc/x86_64-redhat-linux/9]
    arg [-L/usr/lib/gcc/x86_64-redhat-linux/9/../../../../lib64] ==> dir [/usr/lib/gcc/x86_64-redhat-linux/9/../../../../lib64]
    arg [-L/lib/../lib64] ==> dir [/lib/../lib64]
    arg [-L/usr/lib/../lib64] ==> dir [/usr/lib/../lib64]
    arg [-L/usr/lib/gcc/x86_64-redhat-linux/9/../../..] ==> dir [/usr/lib/gcc/x86_64-redhat-linux/9/../../..]
    arg [CMakeFiles/cmTC_816ba.dir/CMakeCCompilerABI.c.o] ==> ignore
    arg [-lgcc] ==> lib [gcc]
    arg [--push-state] ==> ignore
    arg [--as-needed] ==> ignore
    arg [-lgcc_s] ==> lib [gcc_s]
    arg [--pop-state] ==> ignore
    arg [-lc] ==> lib [c]
    arg [-lgcc] ==> lib [gcc]
    arg [--push-state] ==> ignore
    arg [--as-needed] ==> ignore
    arg [-lgcc_s] ==> lib [gcc_s]
    arg [--pop-state] ==> ignore
    arg [/usr/lib/gcc/x86_64-redhat-linux/9/crtend.o] ==> ignore
    arg [/usr/lib/gcc/x86_64-redhat-linux/9/../../../../lib64/crtn.o] ==> ignore
  collapse library dir [/usr/lib/gcc/x86_64-redhat-linux/9] ==> [/usr/lib/gcc/x86_64-redhat-linux/9]
  collapse library dir [/usr/lib/gcc/x86_64-redhat-linux/9/../../../../lib64] ==> [/usr/lib64]
  collapse library dir [/lib/../lib64] ==> [/lib64]
  collapse library dir [/usr/lib/../lib64] ==> [/usr/lib64]
  collapse library dir [/usr/lib/gcc/x86_64-redhat-linux/9/../../..] ==> [/usr/lib]
  implicit libs: [gcc;gcc_s;c;gcc;gcc_s]
  implicit dirs: [/usr/lib/gcc/x86_64-redhat-linux/9;/usr/lib64;/lib64;/usr/lib]
  implicit fwks: []




Detecting C [-std=c11] compiler features compiled with the following output:
Change Dir: /localdisk/rsanna/Montage/ext/Clevel-Hashing/CMakeFiles/CMakeTmp

Run Build Command(s):/usr/bin/gmake cmTC_4173c/fast 
/usr/bin/gmake -f CMakeFiles/cmTC_4173c.dir/build.make CMakeFiles/cmTC_4173c.dir/build
gmake[1]: Entering directory '/localdisk/rsanna/Montage/ext/Clevel-Hashing/CMakeFiles/CMakeTmp'
Building C object CMakeFiles/cmTC_4173c.dir/feature_tests.c.o
/usr/bin/cc   -std=c11 -o CMakeFiles/cmTC_4173c.dir/feature_tests.c.o   -c /localdisk/rsanna/Montage/ext/Clevel-Hashing/CMakeFiles/feature_tests.c
Linking C executable cmTC_4173c
/usr/bin/cmake -E cmake_link_script CMakeFiles/cmTC_4173c.dir/link.txt --verbose=1
/usr/bin/cc      -rdynamic CMakeFiles/cmTC_4173c.dir/feature_tests.c.o  -o cmTC_4173c 
gmake[1]: Leaving directory '/localdisk/rsanna/Montage/ext/Clevel-Hashing/CMakeFiles/CMakeTmp'


    Feature record: C_FEATURE:1c_function_prototypes
    Feature record: C_FEATURE:1c_restrict
    Feature record: C_FEATURE:1c_static_assert
    Feature record: C_FEATURE:1c_variadic_macros


Detecting C [-std=c99] compiler features compiled with the following output:
Change Dir: /localdisk/rsanna/Montage/ext/Clevel-Hashing/CMakeFiles/CMakeTmp

Run Build Command(s):/usr/bin/gmake cmTC_d489e/fast 
/usr/bin/gmake -f CMakeFiles/cmTC_d489e.dir/build.make CMakeFiles/cmTC_d489e.dir/build
gmake[1]: Entering directory '/localdisk/rsanna/Montage/ext/Clevel-Hashing/CMakeFiles/CMakeTmp'
Building C object CMakeFiles/cmTC_d489e.dir/feature_tests.c.o
/usr/bin/cc   -std=c99 -o CMakeFiles/cmTC_d489e.dir/feature_tests.c.o   -c /localdisk/rsanna/Montage/ext/Clevel-Hashing/CMakeFiles/feature_tests.c
Linking C executable cmTC_d489e
/usr/bin/cmake -E cmake_link_script CMakeFiles/cmTC_d489e.dir/link.txt --verbose=1
/usr/bin/cc      -rdynamic CMakeFiles/cmTC_d489e.dir/feature_tests.c.o  -o cmTC_d489e 
gmake[1]: Leaving directory '/localdisk/rsanna/Montage/ext/Clevel-Hashing/CMakeFiles/CMakeTmp'


    Feature record: C_FEATURE:1c_function_prototypes
    Feature record: C_FEATURE:1c_restrict
    Feature record: C_FEATURE:0c_static_assert
    Feature record: C_FEATURE:1c_variadic_macros


Detecting C [-std=c90] compiler features compiled with the following output:
Change Dir: /localdisk/rsanna/Montage/ext/Clevel-Hashing/CMakeFiles/CMakeTmp

Run Build Command(s):/usr/bin/gmake cmTC_96b67/fast 
/usr/bin/gmake -f CMakeFiles/cmTC_96b67.dir/build.make CMakeFiles/cmTC_96b67.dir/build
gmake[1]: Entering directory '/localdisk/rsanna/Montage/ext/Clevel-Hashing/CMakeFiles/CMakeTmp'
Building C object CMakeFiles/cmTC_96b67.dir/feature_tests.c.o
/usr/bin/cc   -std=c90 -o CMakeFiles/cmTC_96b67.dir/feature_tests.c.o   -c /localdisk/rsanna/Montage/ext/Clevel-Hashing/CMakeFiles/feature_tests.c
Linking C executable cmTC_96b67
/usr/bin/cmake -E cmake_link_script CMakeFiles/cmTC_96b67.dir/link.txt --verbose=1
/usr/bin/cc      -rdynamic CMakeFiles/cmTC_96b67.dir/feature_tests.c.o  -o cmTC_96b67 
gmake[1]: Leaving directory '/localdisk/rsanna/Montage/ext/Clevel-Hashing/CMakeFiles/CMakeTmp'


    Feature record: C_FEATURE:1c_function_prototypes
    Feature record: C_FEATURE:0c_restrict
    Feature record: C_FEATURE:0c_static_assert
    Feature record: C_FEATURE:0c_variadic_macros
Determining if the CXX compiler works passed with the following output:
Change Dir: /localdisk/rsanna/Montage/ext/Clevel-Hashing/CMakeFiles/CMakeTmp

Run Build Command(s):/usr/bin/gmake cmTC_73427/fast 
/usr/bin/gmake -f CMakeFiles/cmTC_73427.dir/build.make CMakeFiles/cmTC_73427.dir/build
gmake[1]: Entering directory '/localdisk/rsanna/Montage/ext/Clevel-Hashing/CMakeFiles/CMakeTmp'
Building CXX object CMakeFiles/cmTC_73427.dir/testCXXCompiler.cxx.o
/usr/bin/c++     -o CMakeFiles/cmTC_73427.dir/testCXXCompiler.cxx.o -c /localdisk/rsanna/Montage/ext/Clevel-Hashing/CMakeFiles/CMakeTmp/testCXXCompiler.cxx
Linking CXX executable cmTC_73427
/usr/bin/cmake -E cmake_link_script CMakeFiles/cmTC_73427.dir/link.txt --verbose=1
/usr/bin/c++       -rdynamic CMakeFiles/cmTC_73427.dir/testCXXCompiler.cxx.o  -o cmTC_73427 
gmake[1]: Leaving directory '/localdisk/rsanna/Montage/ext/Clevel-Hashing/CMakeFiles/CMakeTmp'


Detecting CXX compiler ABI info compiled with the following output:
Change Dir: /localdisk/rsanna/Montage/ext/Clevel-Hashing/CMakeFiles/CMakeTmp

Run Build Command(s):/usr/bin/gmake cmTC_fa1b5/fast 
/usr/bin/gmake -f CMakeFiles/cmTC_fa1b5.dir/build.make CMakeFiles/cmTC_fa1b5.dir/build
gmake[1]: Entering directory '/localdisk/rsanna/Montage/ext/Clevel-Hashing/CMakeFiles/CMakeTmp'
Building CXX object CMakeFiles/cmTC_fa1b5.dir/CMakeCXXCompilerABI.cpp.o
/usr/bin/c++    -v -o CMakeFiles/cmTC_fa1b5.dir/CMakeCXXCompilerABI.cpp.o -c /usr/share/cmake/Modules/CMakeCXXCompilerABI.cpp
Using built-in specs.
COLLECT_GCC=/usr/bin/c++
OFFLOAD_TARGET_NAMES=nvptx-none
OFFLOAD_TARGET_DEFAULT=1
Target: x86_64-redhat-linux
Configured with: ../configure --enable-bootstrap --enable-languages=c,c++,fortran,objc,obj-c++,ada,go,d,lto --prefix=/usr --mandir=/usr/share/man --infodir=/usr/share/info --with-bugurl=http://bugzilla.redhat.com/bugzilla --enable-shared --enable-threads=posix --enable-checking=release --enable-multilib --with-system-zlib --enable-__cxa_atexit --disable-libunwind-exceptions --enable-gnu-unique-object --enable-linker-build-id --with-gcc-major-version-only --with-linker-hash-style=gnu --enable-plugin --enable-initfini-array --with-isl --enable-offload-targets=nvptx-none --without-cuda-driver --enable-gnu-indirect-function --enable-cet --with-tune=generic --with-arch_32=i686 --build=x86_64-redhat-linux
Thread model: posix
gcc version 9.2.1 20190827 (Red Hat 9.2.1-1) (GCC) 
COLLECT_GCC_OPTIONS='-v' '-o' 'CMakeFiles/cmTC_fa1b5.dir/CMakeCXXCompilerABI.cpp.o' '-c' '-shared-libgcc' '-mtune=generic' '-march=x86-64'
 /usr/libexec/gcc/x86_64-redhat-linux/9/cc1plus -quiet -v -D_GNU_SOURCE /usr/share/cmake/Modules/CMakeCXXCompilerABI.cpp -quiet -dumpbase CMakeCXXCompilerABI.cpp -mtune=generic -march=x86-64 -auxbase-strip CMakeFiles/cmTC_fa1b5.dir/CMakeCXXCompilerABI.cpp.o -version -o /tmp/ccUAirUF.s
GNU C++14 (GCC) version 9.2.1 20190827 (Red Hat 9.2.1-1) (x86_64-redhat-linux)
	compiled by GNU C version 9.2.1 20190827 (Red Hat 9.2.1-1), GMP version 6.1.2, MPFR version 3.1.6-p2, MPC version 1.1.0, isl version isl-0.16.1-GMP

GGC heuristics: --param ggc-min-expand=100 --param ggc-min-heapsize=131072
ignoring nonexistent directory "/usr/lib/gcc/x86_64-redhat-linux/9/include-fixed"
ignoring nonexistent directory "/usr/lib/gcc/x86_64-redhat-linux/9/../../../../x86_64-redhat-linux/include"
#include "..." search starts here:
#include <...> search starts here:
 /usr/lib/gcc/x86_64-redhat-linux/9/../../../../include/c++/9
 /usr/lib/gcc/x86_64-redhat-linux/9/../../../../include/c++/9/x86_64-redhat-linux
 /usr/lib/gcc/x86_64-redhat-linux/9/../../../../include/c++/9/backward
 /usr/lib/gcc/x86_64-redhat-linux/9/include
 /usr/local/include
 /usr/include
End of search list.
GNU C++14 (GCC) version 9.2.1 20190827 (Red Hat 9.2.1-1) (x86_64-redhat-linux)
	compiled by GNU C version 9.2.1 20190827 (Red Hat 9.2.1-1), GMP version 6.1.2, MPFR version 3.1.6-p2, MPC version 1.1.0, isl version isl-0.16.1-GMP

GGC heuristics: --param ggc-min-expand=100 --param ggc-min-heapsize=131072
Compiler executable checksum: d3b1cf2c9a30b710652930c1fa75fd59
COLLECT_GCC_OPTIONS='-v' '-o' 'CMakeFiles/cmTC_fa1b5.dir/CMakeCXXCompilerABI.cpp.o' '-c' '-shared-libgcc' '-mtune=generic' '-march=x86-64'
 as -v --64 -o CMakeFiles/cmTC_fa1b5.dir/CMakeCXXCompilerABI.cpp.o /tmp/ccUAirUF.s
GNU assembler version 2.31.1 (x86_64-redhat-linux) using BFD version version 2.31.1-29.fc30
COMPILER_PATH=/usr/libexec/gcc/x86_64-redhat-linux/9/:/usr/libexec/gcc/x86_64-redhat-linux/9/:/usr/libexec/gcc/x86_64-redhat-linux/:/usr/lib/gcc/x86_64-redhat-linux/9/:/usr/lib/gcc/x86_64-redhat-linux/
LIBRARY_PATH=/usr/lib/gcc/x86_64-redhat-linux/9/:/usr/lib/gcc/x86_64-redhat-linux/9/../../../../lib64/:/lib/../lib64/:/usr/lib/../lib64/:/usr/lib/gcc/x86_64-redhat-linux/9/../../../:/lib/:/usr/lib/
COLLECT_GCC_OPTIONS='-v' '-o' 'CMakeFiles/cmTC_fa1b5.dir/CMakeCXXCompilerABI.cpp.o' '-c' '-shared-libgcc' '-mtune=generic' '-march=x86-64'
Linking CXX executable cmTC_fa1b5
/usr/bin/cmake -E cmake_link_script CMakeFiles/cmTC_fa1b5.dir/link.txt --verbose=1
/usr/bin/c++      -v -rdynamic CMakeFiles/cmTC_fa1b5.dir/CMakeCXXCompilerABI.cpp.o  -o cmTC_fa1b5 
Using built-in specs.
COLLECT_GCC=/usr/bin/c++
COLLECT_LTO_WRAPPER=/usr/libexec/gcc/x86_64-redhat-linux/9/lto-wrapper
OFFLOAD_TARGET_NAMES=nvptx-none
OFFLOAD_TARGET_DEFAULT=1
Target: x86_64-redhat-linux
Configured with: ../configure --enable-bootstrap --enable-languages=c,c++,fortran,objc,obj-c++,ada,go,d,lto --prefix=/usr --mandir=/usr/share/man --infodir=/usr/share/info --with-bugurl=http://bugzilla.redhat.com/bugzilla --enable-shared --enable-threads=posix --enable-checking=release --enable-multilib --with-system-zlib --enable-__cxa_atexit --disable-libunwind-exceptions --enable-gnu-unique-object --enable-linker-build-id --with-gcc-major-version-only --with-linker-hash-style=gnu --enable-plugin --enable-initfini-array --with-isl --enable-offload-targets=nvptx-none --without-cuda-driver --enable-gnu-indirect-function --enable-cet --with-tune=generic --with-arch_32=i686 --build=x86_64-redhat-linux
Thread model: posix
gcc version 9.2.1 20190827 (Red Hat 9.2.1-1) (GCC) 
COMPILER_PATH=/usr/libexec/gcc/x86_64-redhat-linux/9/:/usr/libexec/gcc/x86_64-redhat-linux/9/:/usr/libexec/gcc/x86_64-redhat-linux/:/usr/lib/gcc/x86_64-redhat-linux/9/:/usr/lib/gcc/x86_64-redhat-linux/
LIBRARY_PATH=/usr/lib/gcc/x86_64-redhat-linux/9/:/usr/lib/gcc/x86_64-redhat-linux/9/../../../../lib64/:/lib/../lib64/:/usr/lib/../lib64/:/usr/lib/gcc/x86_64-redhat-linux/9/../../../:/lib/:/usr/lib/
COLLECT_GCC_OPTIONS='-v' '-rdynamic' '-o' 'cmTC_fa1b5' '-shared-libgcc' '-mtune=generic' '-march=x86-64'
 /usr/libexec/gcc/x86_64-redhat-linux/9/collect2 -plugin /usr/libexec/gcc/x86_64-redhat-linux/9/liblto_plugin.so -plugin-opt=/usr/libexec/gcc/x86_64-redhat-linux/9/lto-wrapper -plugin-opt=-fresolution=/tmp/ccHr2eTK.res -plugin-opt=-pass-through=-lgcc_s -plugin-opt=-pass-through=-lgcc -plugin-opt=-pass-through=-lc -plugin-opt=-pass-through=-lgcc_s -plugin-opt=-pass-through=-lgcc --build-id --no-add-needed --eh-frame-hdr --hash-style=gnu -m elf_x86_64 -export-dynamic -dynamic-linker /lib64/ld-linux-x86-64.so.2 -o cmTC_fa1b5 /usr/lib/gcc/x86_64-redhat-linux/9/../../../../lib64/crt1.o /usr/lib/gcc/x86_64-redhat-linux/9/../../../../lib64/crti.o /usr/lib/gcc/x86_64-redhat-linux/9/crtbegin.o -L/usr/lib/gcc/x86_64-redhat-linux/9 -L/usr/lib/gcc/x86_64-redhat-linux/9/../../../../lib64 -L/lib/../lib64 -L/usr/lib/../lib64 -L/usr/lib/gcc/x86_64-redhat-linux/9/../../.. CMakeFiles/cmTC_fa1b5.dir/CMakeCXXCompilerABI.cpp.o -lstdc++ -lm -lgcc_s -lgcc -lc -lgcc_s -lgcc /usr/lib/gcc/x86_64-redhat-linux/9/crtend.o /usr/lib/gcc/x86_64-redhat-linux/9/../../../../lib64/crtn.o
COLLECT_GCC_OPTIONS='-v' '-rdynamic' '-o' 'cmTC_fa1b5' '-shared-libgcc' '-mtune=generic' '-march=x86-64'
gmake[1]: Leaving directory '/localdisk/rsanna/Montage/ext/Clevel-Hashing/CMakeFiles/CMakeTmp'


Parsed CXX implicit include dir info from above output: rv=done
  found start of include info
  found start of implicit include info
    add: [/usr/lib/gcc/x86_64-redhat-linux/9/../../../../include/c++/9]
    add: [/usr/lib/gcc/x86_64-redhat-linux/9/../../../../include/c++/9/x86_64-redhat-linux]
    add: [/usr/lib/gcc/x86_64-redhat-linux/9/../../../../include/c++/9/backward]
    add: [/usr/lib/gcc/x86_64-redhat-linux/9/include]
    add: [/usr/local/include]
    add: [/usr/include]
  end of search list found
  collapse include dir [/usr/lib/gcc/x86_64-redhat-linux/9/../../../../include/c++/9] ==> [/usr/include/c++/9]
  collapse include dir [/usr/lib/gcc/x86_64-redhat-linux/9/../../../../include/c++/9/x86_64-redhat-linux] ==> [/usr/include/c++/9/x86_64-redhat-linux]
  collapse include dir [/usr/lib/gcc/x86_64-redhat-linux/9/../../../../include/c++/9/backward] ==> [/usr/include/c++/9/backward]
  collapse include dir [/usr/lib/gcc/x86_64-redhat-linux/9/include] ==> [/usr/lib/gcc/x86_64-redhat-linux/9/include]
  collapse include dir [/usr/local/include] ==> [/usr/local/include]
  collapse include dir [/usr/include] ==> [/usr/include]
  implicit include dirs: [/usr/include/c++/9;/usr/include/c++/9/x86_64-redhat-linux;/usr/include/c++/9/backward;/usr/lib/gcc/x86_64-redhat-linux/9/include;/usr/local/include;/usr/include]


Parsed CXX implicit link information from above output:
  link line regex: [^( *|.*[/\])(ld|CMAKE_LINK_STARTFILE-NOTFOUND|([^/\]+-)?ld|collect2)[^/\]*( |$)]
  ignore line: [Change Dir: /localdisk/rsanna/Montage/ext/Clevel-Hashing/CMakeFiles/CMakeTmp]
  ignore line: []
  ignore line: [Run Build Command(s):/usr/bin/gmake cmTC_fa1b5/fast ]
  ignore line: [/usr/bin/gmake -f CMakeFiles/cmTC_fa1b5.dir/build.make CMakeFiles/cmTC_fa1b5.dir/build]
  ignore line: [gmake[1]: Entering directory '/localdisk/rsanna/Montage/ext/Clevel-Hashing/CMakeFiles/CMakeTmp']
  ignore line: [Building CXX object CMakeFiles/cmTC_fa1b5.dir/CMakeCXXCompilerABI.cpp.o]
  ignore line: [/usr/bin/c++    -v -o CMakeFiles/cmTC_fa1b5.dir/CMakeCXXCompilerABI.cpp.o -c /usr/share/cmake/Modules/CMakeCXXCompilerABI.cpp]
  ignore line: [Using built-in specs.]
  ignore line: [COLLECT_GCC=/usr/bin/c++]
  ignore line: [OFFLOAD_TARGET_NAMES=nvptx-none]
  ignore line: [OFFLOAD_TARGET_DEFAULT=1]
  ignore line: [Target: x86_64-redhat-linux]
  ignore line: [Configured with: ../configure --enable-bootstrap --enable-languages=c,c++,fortran,objc,obj-c++,ada,go,d,lto --prefix=/usr --mandir=/usr/share/man --infodir=/usr/share/info --with-bugurl=http://bugzilla.redhat.com/bugzilla --enable-shared --enable-threads=posix --enable-checking=release --enable-multilib --with-system-zlib --enable-__cxa_atexit --disable-libunwind-exceptions --enable-gnu-unique-object --enable-linker-build-id --with-gcc-major-version-only --with-linker-hash-style=gnu --enable-plugin --enable-initfini-array --with-isl --enable-offload-targets=nvptx-none --without-cuda-driver --enable-gnu-indirect-function --enable-cet --with-tune=generic --with-arch_32=i686 --build=x86_64-redhat-linux]
  ignore line: [Thread model: posix]
  ignore line: [gcc version 9.2.1 20190827 (Red Hat 9.2.1-1) (GCC) ]
  ignore line: [COLLECT_GCC_OPTIONS='-v' '-o' 'CMakeFiles/cmTC_fa1b5.dir/CMakeCXXCompilerABI.cpp.o' '-c' '-shared-libgcc' '-mtune=generic' '-march=x86-64']
  ignore line: [ /usr/libexec/gcc/x86_64-redhat-linux/9/cc1plus -quiet -v -D_GNU_SOURCE /usr/share/cmake/Modules/CMakeCXXCompilerABI.cpp -quiet -dumpbase CMakeCXXCompilerABI.cpp -mtune=generic -march=x86-64 -auxbase-strip CMakeFiles/cmTC_fa1b5.dir/CMakeCXXCompilerABI.cpp.o -version -o /tmp/ccUAirUF.s]
  ignore line: [GNU C++14 (GCC) version 9.2.1 20190827 (Red Hat 9.2.1-1) (x86_64-redhat-linux)]
  ignore line: [	compiled by GNU C version 9.2.1 20190827 (Red Hat 9.2.1-1), GMP version 6.1.2, MPFR version 3.1.6-p2, MPC version 1.1.0, isl version isl-0.16.1-GMP]
  ignore line: []
  ignore line: [GGC heuristics: --param ggc-min-expand=100 --param ggc-min-heapsize=131072]
  ignore line: [ignoring nonexistent directory "/usr/lib/gcc/x86_64-redhat-linux/9/include-fixed"]
  ignore line: [ignoring nonexistent directory "/usr/lib/gcc/x86_64-redhat-linux/9/../../../../x86_64-redhat-linux/include"]
  ignore line: [#include "..." search starts here:]
  ignore line: [#include <...> search starts here:]
  ignore line: [ /usr/lib/gcc/x86_64-redhat-linux/9/../../../../include/c++/9]
  ignore line: [ /usr/lib/gcc/x86_64-redhat-linux/9/../../../../include/c++/9/x86_64-redhat-linux]
  ignore line: [ /usr/lib/gcc/x86_64-redhat-linux/9/../../../../include/c++/9/backward]
  ignore line: [ /usr/lib/gcc/x86_64-redhat-linux/9/include]
  ignore line: [ /usr/local/include]
  ignore line: [ /usr/include]
  ignore line: [End of search list.]
  ignore line: [GNU C++14 (GCC) version 9.2.1 20190827 (Red Hat 9.2.1-1) (x86_64-redhat-linux)]
  ignore line: [	compiled by GNU C version 9.2.1 20190827 (Red Hat 9.2.1-1), GMP version 6.1.2, MPFR version 3.1.6-p2, MPC version 1.1.0, isl version isl-0.16.1-GMP]
  ignore line: []
  ignore line: [GGC heuristics: --param ggc-min-expand=100 --param ggc-min-heapsize=131072]
  ignore line: [Compiler executable checksum: d3b1cf2c9a30b710652930c1fa75fd59]
  ignore line: [COLLECT_GCC_OPTIONS='-v' '-o' 'CMakeFiles/cmTC_fa1b5.dir/CMakeCXXCompilerABI.cpp.o' '-c' '-shared-libgcc' '-mtune=generic' '-march=x86-64']
  ignore line: [ as -v --64 -o CMakeFiles/cmTC_fa1b5.dir/CMakeCXXCompilerABI.cpp.o /tmp/ccUAirUF.s]
  ignore line: [GNU assembler version 2.31.1 (x86_64-redhat-linux) using BFD version version 2.31.1-29.fc30]
  ignore line: [COMPILER_PATH=/usr/libexec/gcc/x86_64-redhat-linux/9/:/usr/libexec/gcc/x86_64-redhat-linux/9/:/usr/libexec/gcc/x86_64-redhat-linux/:/usr/lib/gcc/x86_64-redhat-linux/9/:/usr/lib/gcc/x86_64-redhat-linux/]
  ignore line: [LIBRARY_PATH=/usr/lib/gcc/x86_64-redhat-linux/9/:/usr/lib/gcc/x86_64-redhat-linux/9/../../../../lib64/:/lib/../lib64/:/usr/lib/../lib64/:/usr/lib/gcc/x86_64-redhat-linux/9/../../../:/lib/:/usr/lib/]
  ignore line: [COLLECT_GCC_OPTIONS='-v' '-o' 'CMakeFiles/cmTC_fa1b5.dir/CMakeCXXCompilerABI.cpp.o' '-c' '-shared-libgcc' '-mtune=generic' '-march=x86-64']
  ignore line: [Linking CXX executable cmTC_fa1b5]
  ignore line: [/usr/bin/cmake -E cmake_link_script CMakeFiles/cmTC_fa1b5.dir/link.txt --verbose=1]
  ignore line: [/usr/bin/c++      -v -rdynamic CMakeFiles/cmTC_fa1b5.dir/CMakeCXXCompilerABI.cpp.o  -o cmTC_fa1b5 ]
  ignore line: [Using built-in specs.]
  ignore line: [COLLECT_GCC=/usr/bin/c++]
  ignore line: [COLLECT_LTO_WRAPPER=/usr/libexec/gcc/x86_64-redhat-linux/9/lto-wrapper]
  ignore line: [OFFLOAD_TARGET_NAMES=nvptx-none]
  ignore line: [OFFLOAD_TARGET_DEFAULT=1]
  ignore line: [Target: x86_64-redhat-linux]
  ignore line: [Configured with: ../configure --enable-bootstrap --enable-languages=c,c++,fortran,objc,obj-c++,ada,go,d,lto --prefix=/usr --mandir=/usr/share/man --infodir=/usr/share/info --with-bugurl=http://bugzilla.redhat.com/bugzilla --enable-shared --enable-threads=posix --enable-checking=release --enable-multilib --with-system-zlib --enable-__cxa_atexit --disable-libunwind-exceptions --enable-gnu-unique-object --enable-linker-build-id --with-gcc-major-version-only --with-linker-hash-style=gnu --enable-plugin --enable-initfini-array --with-isl --enable-offload-targets=nvptx-none --without-cuda-driver --enable-gnu-indirect-function --enable-cet --with-tune=generic --with-arch_32=i686 --build=x86_64-redhat-linux]
  ignore line: [Thread model: posix]
  ignore line: [gcc version 9.2.1 20190827 (Red Hat 9.2.1-1) (GCC) ]
  ignore line: [COMPILER_PATH=/usr/libexec/gcc/x86_64-redhat-linux/9/:/usr/libexec/gcc/x86_64-redhat-linux/9/:/usr/libexec/gcc/x86_64-redhat-linux/:/usr/lib/gcc/x86_64-redhat-linux/9/:/usr/lib/gcc/x86_64-redhat-linux/]
  ignore line: [LIBRARY_PATH=/usr/lib/gcc/x86_64-redhat-linux/9/:/usr/lib/gcc/x86_64-redhat-linux/9/../../../../lib64/:/lib/../lib64/:/usr/lib/../lib64/:/usr/lib/gcc/x86_64-redhat-linux/9/../../../:/lib/:/usr/lib/]
  ignore line: [COLLECT_GCC_OPTIONS='-v' '-rdynamic' '-o' 'cmTC_fa1b5' '-shared-libgcc' '-mtune=generic' '-march=x86-64']
  link line: [ /usr/libexec/gcc/x86_64-redhat-linux/9/collect2 -plugin /usr/libexec/gcc/x86_64-redhat-linux/9/liblto_plugin.so -plugin-opt=/usr/libexec/gcc/x86_64-redhat-linux/9/lto-wrapper -plugin-opt=-fresolution=/tmp/ccHr2eTK.res -plugin-opt=-pass-through=-lgcc_s -plugin-opt=-pass-through=-lgcc -plugin-opt=-pass-through=-lc -plugin-opt=-pass-through=-lgcc_s -plugin-opt=-pass-through=-lgcc --build-id --no-add-needed --eh-frame-hdr --hash-style=gnu -m elf_x86_64 -export-dynamic -dynamic-linker /lib64/ld-linux-x86-64.so.2 -o cmTC_fa1b5 /usr/lib/gcc/x86_64-redhat-linux/9/../../../../lib64/crt1.o /usr/lib/gcc/x86_64-redhat-linux/9/../../../../lib64/crti.o /usr/lib/gcc/x86_64-redhat-linux/9/crtbegin.o -L/usr/lib/gcc/x86_64-redhat-linux/9 -L/usr/lib/gcc/x86_64-redhat-linux/9/../../../../lib64 -L/lib/../lib64 -L/usr/lib/../lib64 -L/usr/lib/gcc/x86_64-redhat-linux/9/../../.. CMakeFiles/cmTC_fa1b5.dir/CMakeCXXCompilerABI.cpp.o -lstdc++ -lm -lgcc_s -lgcc -lc -lgcc_s -lgcc /usr/lib/gcc/x86_64-redhat-linux/9/crtend.o /usr/lib/gcc/x86_64-redhat-linux/9/../../../../lib64/crtn.o]
    arg [/usr/libexec/gcc/x86_64-redhat-linux/9/collect2] ==> ignore
    arg [-plugin] ==> ignore
    arg [/usr/libexec/gcc/x86_64-redhat-linux/9/liblto_plugin.so] ==> ignore
    arg [-plugin-opt=/usr/libexec/gcc/x86_64-redhat-linux/9/lto-wrapper] ==> ignore
    arg [-plugin-opt=-fresolution=/tmp/ccHr2eTK.res] ==> ignore
    arg [-plugin-opt=-pass-through=-lgcc_s] ==> ignore
    arg [-plugin-opt=-pass-through=-lgcc] ==> ignore
    arg [-plugin-opt=-pass-through=-lc] ==> ignore
    arg [-plugin-opt=-pass-through=-lgcc_s] ==> ignore
    arg [-plugin-opt=-pass-through=-lgcc] ==> ignore
    arg [--build-id] ==> ignore
    arg [--no-add-needed] ==> ignore
    arg [--eh-frame-hdr] ==> ignore
    arg [--hash-style=gnu] ==> ignore
    arg [-m] ==> ignore
    arg [elf_x86_64] ==> ignore
    arg [-export-dynamic] ==> ignore
    arg [-dynamic-linker] ==> ignore
    arg [/lib64/ld-linux-x86-64.so.2] ==> ignore
    arg [-o] ==> ignore
    arg [cmTC_fa1b5] ==> ignore
    arg [/usr/lib/gcc/x86_64-redhat-linux/9/../../../../lib64/crt1.o] ==> ignore
    arg [/usr/lib/gcc/x86_64-redhat-linux/9/../../../../lib64/crti.o] ==> ignore
    arg [/usr/lib/gcc/x86_64-redhat-linux/9/crtbegin.o] ==> ignore
    arg [-L/usr/lib/gcc/x86_64-redhat-linux/9] ==> dir [/usr/lib/gcc/x86_64-redhat-linux/9]
    arg [-L/usr/lib/gcc/x86_64-redhat-linux/9/../../../../lib64] ==> dir [/usr/lib/gcc/x86_64-redhat-linux/9/../../../../lib64]
    arg [-L/lib/../lib64] ==> dir [/lib/../lib64]
    arg [-L/usr/lib/../lib64] ==> dir [/usr/lib/../lib64]
    arg [-L/usr/lib/gcc/x86_64-redhat-linux/9/../../..] ==> dir [/usr/lib/gcc/x86_64-redhat-linux/9/../../..]
    arg [CMakeFiles/cmTC_fa1b5.dir/CMakeCXXCompilerABI.cpp.o] ==> ignore
    arg [-lstdc++] ==> lib [stdc++]
    arg [-lm] ==> lib [m]
    arg [-lgcc_s] ==> lib [gcc_s]
    arg [-lgcc] ==> lib [gcc]
    arg [-lc] ==> lib [c]
    arg [-lgcc_s] ==> lib [gcc_s]
    arg [-lgcc] ==> lib [gcc]
    arg [/usr/lib/gcc/x86_64-redhat-linux/9/crtend.o] ==> ignore
    arg [/usr/lib/gcc/x86_64-redhat-linux/9/../../../../lib64/crtn.o] ==> ignore
  collapse library dir [/usr/lib/gcc/x86_64-redhat-linux/9] ==> [/usr/lib/gcc/x86_64-redhat-linux/9]
  collapse library dir [/usr/lib/gcc/x86_64-redhat-linux/9/../../../../lib64] ==> [/usr/lib64]
  collapse library dir [/lib/../lib64] ==> [/lib64]
  collapse library dir [/usr/lib/../lib64] ==> [/usr/lib64]
  collapse library dir [/usr/lib/gcc/x86_64-redhat-linux/9/../../..] ==> [/usr/lib]
  implicit libs: [stdc++;m;gcc_s;gcc;c;gcc_s;gcc]
  implicit dirs: [/usr/lib/gcc/x86_64-redhat-linux/9;/usr/lib64;/lib64;/usr/lib]
  implicit fwks: []




Detecting CXX [-std=c++2a] compiler features compiled with the following output:
Change Dir: /localdisk/rsanna/Montage/ext/Clevel-Hashing/CMakeFiles/CMakeTmp

Run Build Command(s):/usr/bin/gmake cmTC_29fd0/fast 
/usr/bin/gmake -f CMakeFiles/cmTC_29fd0.dir/build.make CMakeFiles/cmTC_29fd0.dir/build
gmake[1]: Entering directory '/localdisk/rsanna/Montage/ext/Clevel-Hashing/CMakeFiles/CMakeTmp'
Building CXX object CMakeFiles/cmTC_29fd0.dir/feature_tests.cxx.o
/usr/bin/c++    -std=c++2a -o CMakeFiles/cmTC_29fd0.dir/feature_tests.cxx.o -c /localdisk/rsanna/Montage/ext/Clevel-Hashing/CMakeFiles/feature_tests.cxx
Linking CXX executable cmTC_29fd0
/usr/bin/cmake -E cmake_link_script CMakeFiles/cmTC_29fd0.dir/link.txt --verbose=1
/usr/bin/c++       -rdynamic CMakeFiles/cmTC_29fd0.dir/feature_tests.cxx.o  -o cmTC_29fd0 
gmake[1]: Leaving directory '/localdisk/rsanna/Montage/ext/Clevel-Hashing/CMakeFiles/CMakeTmp'


    Feature record: CXX_FEATURE:1cxx_aggregate_default_initializers
    Feature record: CXX_FEATURE:1cxx_alias_templates
    Feature record: CXX_FEATURE:1cxx_alignas
    Feature record: CXX_FEATURE:1cxx_alignof
    Feature record: CXX_FEATURE:1cxx_attributes
    Feature record: CXX_FEATURE:1cxx_attribute_deprecated
    Feature record: CXX_FEATURE:1cxx_auto_type
    Feature record: CXX_FEATURE:1cxx_binary_literals
    Feature record: CXX_FEATURE:1cxx_constexpr
    Feature record: CXX_FEATURE:1cxx_contextual_conversions
    Feature record: CXX_FEATURE:1cxx_decltype
    Feature record: CXX_FEATURE:1cxx_decltype_auto
    Feature record: CXX_FEATURE:1cxx_decltype_incomplete_return_types
    Feature record: CXX_FEATURE:1cxx_default_function_template_args
    Feature record: CXX_FEATURE:1cxx_defaulted_functions
    Feature record: CXX_FEATURE:1cxx_defaulted_move_initializers
    Feature record: CXX_FEATURE:1cxx_delegating_constructors
    Feature record: CXX_FEATURE:1cxx_deleted_functions
    Feature record: CXX_FEATURE:1cxx_digit_separators
    Feature record: CXX_FEATURE:1cxx_enum_forward_declarations
    Feature record: CXX_FEATURE:1cxx_explicit_conversions
    Feature record: CXX_FEATURE:1cxx_extended_friend_declarations
    Feature record: CXX_FEATURE:1cxx_extern_templates
    Feature record: CXX_FEATURE:1cxx_final
    Feature record: CXX_FEATURE:1cxx_func_identifier
    Feature record: CXX_FEATURE:1cxx_generalized_initializers
    Feature record: CXX_FEATURE:1cxx_generic_lambdas
    Feature record: CXX_FEATURE:1cxx_inheriting_constructors
    Feature record: CXX_FEATURE:1cxx_inline_namespaces
    Feature record: CXX_FEATURE:1cxx_lambdas
    Feature record: CXX_FEATURE:1cxx_lambda_init_captures
    Feature record: CXX_FEATURE:1cxx_local_type_template_args
    Feature record: CXX_FEATURE:1cxx_long_long_type
    Feature record: CXX_FEATURE:1cxx_noexcept
    Feature record: CXX_FEATURE:1cxx_nonstatic_member_init
    Feature record: CXX_FEATURE:1cxx_nullptr
    Feature record: CXX_FEATURE:1cxx_override
    Feature record: CXX_FEATURE:1cxx_range_for
    Feature record: CXX_FEATURE:1cxx_raw_string_literals
    Feature record: CXX_FEATURE:1cxx_reference_qualified_functions
    Feature record: CXX_FEATURE:1cxx_relaxed_constexpr
    Feature record: CXX_FEATURE:1cxx_return_type_deduction
    Feature record: CXX_FEATURE:1cxx_right_angle_brackets
    Feature record: CXX_FEATURE:1cxx_rvalue_references
    Feature record: CXX_FEATURE:1cxx_sizeof_member
    Feature record: CXX_FEATURE:1cxx_static_assert
    Feature record: CXX_FEATURE:1cxx_strong_enums
    Feature record: CXX_FEATURE:1cxx_template_template_parameters
    Feature record: CXX_FEATURE:1cxx_thread_local
    Feature record: CXX_FEATURE:1cxx_trailing_return_types
    Feature record: CXX_FEATURE:1cxx_unicode_literals
    Feature record: CXX_FEATURE:1cxx_uniform_initialization
    Feature record: CXX_FEATURE:1cxx_unrestricted_unions
    Feature record: CXX_FEATURE:1cxx_user_literals
    Feature record: CXX_FEATURE:1cxx_variable_templates
    Feature record: CXX_FEATURE:1cxx_variadic_macros
    Feature record: CXX_FEATURE:1cxx_variadic_templates


Detecting CXX [-std=c++17] compiler features compiled with the following output:
Change Dir: /localdisk/rsanna/Montage/ext/Clevel-Hashing/CMakeFiles/CMakeTmp

Run Build Command(s):/usr/bin/gmake cmTC_483c9/fast 
/usr/bin/gmake -f CMakeFiles/cmTC_483c9.dir/build.make CMakeFiles/cmTC_483c9.dir/build
gmake[1]: Entering directory '/localdisk/rsanna/Montage/ext/Clevel-Hashing/CMakeFiles/CMakeTmp'
Building CXX object CMakeFiles/cmTC_483c9.dir/feature_tests.cxx.o
/usr/bin/c++    -std=c++17 -o CMakeFiles/cmTC_483c9.dir/feature_tests.cxx.o -c /localdisk/rsanna/Montage/ext/Clevel-Hashing/CMakeFiles/feature_tests.cxx
Linking CXX executable cmTC_483c9
/usr/bin/cmake -E cmake_link_script CMakeFiles/cmTC_483c9.dir/link.txt --verbose=1
/usr/bin/c++       -rdynamic CMakeFiles/cmTC_483c9.dir/feature_tests.cxx.o  -o cmTC_483c9 
gmake[1]: Leaving directory '/localdisk/rsanna/Montage/ext/Clevel-Hashing/CMakeFiles/CMakeTmp'


    Feature record: CXX_FEATURE:1cxx_aggregate_default_initializers
    Feature record: CXX_FEATURE:1cxx_alias_templates
    Feature record: CXX_FEATURE:1cxx_alignas
    Feature record: CXX_FEATURE:1cxx_alignof
    Feature record: CXX_FEATURE:1cxx_attributes
    Feature record: CXX_FEATURE:1cxx_attribute_deprecated
    Feature record: CXX_FEATURE:1cxx_auto_type
    Feature record: CXX_FEATURE:1cxx_binary_literals
    Feature record: CXX_FEATURE:1cxx_constexpr
    Feature record: CXX_FEATURE:1cxx_contextual_conversions
    Feature record: CXX_FEATURE:1cxx_decltype
    Feature record: CXX_FEATURE:1cxx_decltype_auto
    Feature record: CXX_FEATURE:1cxx_decltype_incomplete_return_types
    Feature record: CXX_FEATURE:1cxx_default_function_template_args
    Feature record: CXX_FEATURE:1cxx_defaulted_functions
    Feature record: CXX_FEATURE:1cxx_defaulted_move_initializers
    Feature record: CXX_FEATURE:1cxx_delegating_constructors
    Feature record: CXX_FEATURE:1cxx_deleted_functions
    Feature record: CXX_FEATURE:1cxx_digit_separators
    Feature record: CXX_FEATURE:1cxx_enum_forward_declarations
    Feature record: CXX_FEATURE:1cxx_explicit_conversions
    Feature record: CXX_FEATURE:1cxx_extended_friend_declarations
    Feature record: CXX_FEATURE:1cxx_extern_templates
    Feature record: CXX_FEATURE:1cxx_final
    Feature record: CXX_FEATURE:1cxx_func_identifier
    Feature record: CXX_FEATURE:1cxx_generalized_initializers
    Feature record: CXX_FEATURE:1cxx_generic_lambdas
    Feature record: CXX_FEATURE:1cxx_inheriting_constructors
    Feature record: CXX_FEATURE:1cxx_inline_namespaces
    Feature record: CXX_FEATURE:1cxx_lambdas
    Feature record: CXX_FEATURE:1cxx_lambda_init_captures
    Feature record: CXX_FEATURE:1cxx_local_type_template_args
    Feature record: CXX_FEATURE:1cxx_long_long_type
    Feature record: CXX_FEATURE:1cxx_noexcept
    Feature record: CXX_FEATURE:1cxx_nonstatic_member_init
    Feature record: CXX_FEATURE:1cxx_nullptr
    Feature record: CXX_FEATURE:1cxx_override
    Feature record: CXX_FEATURE:1cxx_range_for
    Feature record: CXX_FEATURE:1cxx_raw_string_literals
    Feature record: CXX_FEATURE:1cxx_reference_qualified_functions
    Feature record: CXX_FEATURE:1cxx_relaxed_constexpr
    Feature record: CXX_FEATURE:1cxx_return_type_deduction
    Feature record: CXX_FEATURE:1cxx_right_angle_brackets
    Feature record: CXX_FEATURE:1cxx_rvalue_references
    Feature record: CXX_FEATURE:1cxx_sizeof_member
    Feature record: CXX_FEATURE:1cxx_static_assert
    Feature record: CXX_FEATURE:1cxx_strong_enums
    Feature record: CXX_FEATURE:1cxx_template_template_parameters
    Feature record: CXX_FEATURE:1cxx_thread_local
    Feature record: CXX_FEATURE:1cxx_trailing_return_types
    Feature record: CXX_FEATURE:1cxx_unicode_literals
    Feature record: CXX_FEATURE:1cxx_uniform_initialization
    Feature record: CXX_FEATURE:1cxx_unrestricted_unions
    Feature record: CXX_FEATURE:1cxx_user_literals
    Feature record: CXX_FEATURE:1cxx_variable_templates
    Feature record: CXX_FEATURE:1cxx_variadic_macros
    Feature record: CXX_FEATURE:1cxx_variadic_templates


Detecting CXX [-std=c++14] compiler features compiled with the following output:
Change Dir: /localdisk/rsanna/Montage/ext/Clevel-Hashing/CMakeFiles/CMakeTmp

Run Build Command(s):/usr/bin/gmake cmTC_64cb9/fast 
/usr/bin/gmake -f CMakeFiles/cmTC_64cb9.dir/build.make CMakeFiles/cmTC_64cb9.dir/build
gmake[1]: Entering directory '/localdisk/rsanna/Montage/ext/Clevel-Hashing/CMakeFiles/CMakeTmp'
Building CXX object CMakeFiles/cmTC_64cb9.dir/feature_tests.cxx.o
/usr/bin/c++    -std=c++14 -o CMakeFiles/cmTC_64cb9.dir/feature_tests.cxx.o -c /localdisk/rsanna/Montage/ext/Clevel-Hashing/CMakeFiles/feature_tests.cxx
Linking CXX executable cmTC_64cb9
/usr/bin/cmake -E cmake_link_script CMakeFiles/cmTC_64cb9.dir/link.txt --verbose=1
/usr/bin/c++       -rdynamic CMakeFiles/cmTC_64cb9.dir/feature_tests.cxx.o  -o cmTC_64cb9 
gmake[1]: Leaving directory '/localdisk/rsanna/Montage/ext/Clevel-Hashing/CMakeFiles/CMakeTmp'


    Feature record: CXX_FEATURE:1cxx_aggregate_default_initializers
    Feature record: CXX_FEATURE:1cxx_alias_templates
    Feature record: CXX_FEATURE:1cxx_alignas
    Feature record: CXX_FEATURE:1cxx_alignof
    Feature record: CXX_FEATURE:1cxx_attributes
    Feature record: CXX_FEATURE:1cxx_attribute_deprecated
    Feature record: CXX_FEATURE:1cxx_auto_type
    Feature record: CXX_FEATURE:1cxx_binary_literals
    Feature record: CXX_FEATURE:1cxx_constexpr
    Feature record: CXX_FEATURE:1cxx_contextual_conversions
    Feature record: CXX_FEATURE:1cxx_decltype
    Feature record: CXX_FEATURE:1cxx_decltype_auto
    Feature record: CXX_FEATURE:1cxx_decltype_incomplete_return_types
    Feature record: CXX_FEATURE:1cxx_default_function_template_args
    Feature record: CXX_FEATURE:1cxx_defaulted_functions
    Feature record: CXX_FEATURE:1cxx_defaulted_move_initializers
    Feature record: CXX_FEATURE:1cxx_delegating_constructors
    Feature record: CXX_FEATURE:1cxx_deleted_functions
    Feature record: CXX_FEATURE:1cxx_digit_separators
    Feature record: CXX_FEATURE:1cxx_enum_forward_declarations
    Feature record: CXX_FEATURE:1cxx_explicit_conversions
    Feature record: CXX_FEATURE:1cxx_extended_friend_declarations
    Feature record: CXX_FEATURE:1cxx_extern_templates
    Feature record: CXX_FEATURE:1cxx_final
    Feature record: CXX_FEATURE:1cxx_func_identifier
    Feature record: CXX_FEATURE:1cxx_generalized_initializers
    Feature record: CXX_FEATURE:1cxx_generic_lambdas
    Feature record: CXX_FEATURE:1cxx_inheriting_constructors
    Feature record: CXX_FEATURE:1cxx_inline_namespaces
    Feature record: CXX_FEATURE:1cxx_lambdas
    Feature record: CXX_FEATURE:1cxx_lambda_init_captures
    Feature record: CXX_FEATURE:1cxx_local_type_template_args
    Feature record: CXX_FEATURE:1cxx_long_long_type
    Feature record: CXX_FEATURE:1cxx_noexcept
    Feature record: CXX_FEATURE:1cxx_nonstatic_member_init
    Feature record: CXX_FEATURE:1cxx_nullptr
    Feature record: CXX_FEATURE:1cxx_override
    Feature record: CXX_FEATURE:1cxx_range_for
    Feature record: CXX_FEATURE:1cxx_raw_string_literals
    Feature record: CXX_FEATURE:1cxx_reference_qualified_functions
    Feature record: CXX_FEATURE:1cxx_relaxed_constexpr
    Feature record: CXX_FEATURE:1cxx_return_type_deduction
    Feature record: CXX_FEATURE:1cxx_right_angle_brackets
    Feature record: CXX_FEATURE:1cxx_rvalue_references
    Feature record: CXX_FEATURE:1cxx_sizeof_member
    Feature record: CXX_FEATURE:1cxx_static_assert
    Feature record: CXX_FEATURE:1cxx_strong_enums
    Feature record: CXX_FEATURE:1cxx_template_template_parameters
    Feature record: CXX_FEATURE:1cxx_thread_local
    Feature record: CXX_FEATURE:1cxx_trailing_return_types
    Feature record: CXX_FEATURE:1cxx_unicode_literals
    Feature record: CXX_FEATURE:1cxx_uniform_initialization
    Feature record: CXX_FEATURE:1cxx_unrestricted_unions
    Feature record: CXX_FEATURE:1cxx_user_literals
    Feature record: CXX_FEATURE:1cxx_variable_templates
    Feature record: CXX_FEATURE:1cxx_variadic_macros
    Feature record: CXX_FEATURE:1cxx_variadic_templates


Detecting CXX [-std=c++11] compiler features compiled with the following output:
Change Dir: /localdisk/rsanna/Montage/ext/Clevel-Hashing/CMakeFiles/CMakeTmp

Run Build Command(s):/usr/bin/gmake cmTC_c68bf/fast 
/usr/bin/gmake -f CMakeFiles/cmTC_c68bf.dir/build.make CMakeFiles/cmTC_c68bf.dir/build
gmake[1]: Entering directory '/localdisk/rsanna/Montage/ext/Clevel-Hashing/CMakeFiles/CMakeTmp'
Building CXX object CMakeFiles/cmTC_c68bf.dir/feature_tests.cxx.o
/usr/bin/c++    -std=c++11 -o CMakeFiles/cmTC_c68bf.dir/feature_tests.cxx.o -c /localdisk/rsanna/Montage/ext/Clevel-Hashing/CMakeFiles/feature_tests.cxx
Linking CXX executable cmTC_c68bf
/usr/bin/cmake -E cmake_link_script CMakeFiles/cmTC_c68bf.dir/link.txt --verbose=1
/usr/bin/c++       -rdynamic CMakeFiles/cmTC_c68bf.dir/feature_tests.cxx.o  -o cmTC_c68bf 
gmake[1]: Leaving directory '/localdisk/rsanna/Montage/ext/Clevel-Hashing/CMakeFiles/CMakeTmp'


    Feature record: CXX_FEATURE:0cxx_aggregate_default_initializers
    Feature record: CXX_FEATURE:1cxx_alias_templates
    Feature record: CXX_FEATURE:1cxx_alignas
    Feature record: CXX_FEATURE:1cxx_alignof
    Feature record: CXX_FEATURE:1cxx_attributes
    Feature record: CXX_FEATURE:0cxx_attribute_deprecated
    Feature record: CXX_FEATURE:1cxx_auto_type
    Feature record: CXX_FEATURE:0cxx_binary_literals
    Feature record: CXX_FEATURE:1cxx_constexpr
    Feature record: CXX_FEATURE:0cxx_contextual_conversions
    Feature record: CXX_FEATURE:1cxx_decltype
    Feature record: CXX_FEATURE:0cxx_decltype_auto
    Feature record: CXX_FEATURE:1cxx_decltype_incomplete_return_types
    Feature record: CXX_FEATURE:1cxx_default_function_template_args
    Feature record: CXX_FEATURE:1cxx_defaulted_functions
    Feature record: CXX_FEATURE:1cxx_defaulted_move_initializers
    Feature record: CXX_FEATURE:1cxx_delegating_constructors
    Feature record: CXX_FEATURE:1cxx_deleted_functions
    Feature record: CXX_FEATURE:0cxx_digit_separators
    Feature record: CXX_FEATURE:1cxx_enum_forward_declarations
    Feature record: CXX_FEATURE:1cxx_explicit_conversions
    Feature record: CXX_FEATURE:1cxx_extended_friend_declarations
    Feature record: CXX_FEATURE:1cxx_extern_templates
    Feature record: CXX_FEATURE:1cxx_final
    Feature record: CXX_FEATURE:1cxx_func_identifier
    Feature record: CXX_FEATURE:1cxx_generalized_initializers
    Feature record: CXX_FEATURE:0cxx_generic_lambdas
    Feature record: CXX_FEATURE:1cxx_inheriting_constructors
    Feature record: CXX_FEATURE:1cxx_inline_namespaces
    Feature record: CXX_FEATURE:1cxx_lambdas
    Feature record: CXX_FEATURE:0cxx_lambda_init_captures
    Feature record: CXX_FEATURE:1cxx_local_type_template_args
    Feature record: CXX_FEATURE:1cxx_long_long_type
    Feature record: CXX_FEATURE:1cxx_noexcept
    Feature record: CXX_FEATURE:1cxx_nonstatic_member_init
    Feature record: CXX_FEATURE:1cxx_nullptr
    Feature record: CXX_FEATURE:1cxx_override
    Feature record: CXX_FEATURE:1cxx_range_for
    Feature record: CXX_FEATURE:1cxx_raw_string_literals
    Feature record: CXX_FEATURE:1cxx_reference_qualified_functions
    Feature record: CXX_FEATURE:0cxx_relaxed_constexpr
    Feature record: CXX_FEATURE:0cxx_return_type_deduction
    Feature record: CXX_FEATURE:1cxx_right_angle_brackets
    Feature record: CXX_FEATURE:1cxx_rvalue_references
    Feature record: CXX_FEATURE:1cxx_sizeof_member
    Feature record: CXX_FEATURE:1cxx_static_assert
    Feature record: CXX_FEATURE:1cxx_strong_enums
    Feature record: CXX_FEATURE:1cxx_template_template_parameters
    Feature record: CXX_FEATURE:1cxx_thread_local
    Feature record: CXX_FEATURE:1cxx_trailing_return_types
    Feature record: CXX_FEATURE:1cxx_unicode_literals
    Feature record: CXX_FEATURE:1cxx_uniform_initialization
    Feature record: CXX_FEATURE:1cxx_unrestricted_unions
    Feature record: CXX_FEATURE:1cxx_user_literals
    Feature record: CXX_FEATURE:0cxx_variable_templates
    Feature record: CXX_FEATURE:1cxx_variadic_macros
    Feature record: CXX_FEATURE:1cxx_variadic_templates


Detecting CXX [-std=c++98] compiler features compiled with the following output:
Change Dir: /localdisk/rsanna/Montage/ext/Clevel-Hashing/CMakeFiles/CMakeTmp

Run Build Command(s):/usr/bin/gmake cmTC_ac135/fast 
/usr/bin/gmake -f CMakeFiles/cmTC_ac135.dir/build.make CMakeFiles/cmTC_ac135.dir/build
gmake[1]: Entering directory '/localdisk/rsanna/Montage/ext/Clevel-Hashing/CMakeFiles/CMakeTmp'
Building CXX object CMakeFiles/cmTC_ac135.dir/feature_tests.cxx.o
/usr/bin/c++    -std=c++98 -o CMakeFiles/cmTC_ac135.dir/feature_tests.cxx.o -c /localdisk/rsanna/Montage/ext/Clevel-Hashing/CMakeFiles/feature_tests.cxx
Linking CXX executable cmTC_ac135
/usr/bin/cmake -E cmake_link_script CMakeFiles/cmTC_ac135.dir/link.txt --verbose=1
/usr/bin/c++       -rdynamic CMakeFiles/cmTC_ac135.dir/feature_tests.cxx.o  -o cmTC_ac135 
gmake[1]: Leaving directory '/localdisk/rsanna/Montage/ext/Clevel-Hashing/CMakeFiles/CMakeTmp'


    Feature record: CXX_FEATURE:0cxx_aggregate_default_initializers
    Feature record: CXX_FEATURE:0cxx_alias_templates
    Feature record: CXX_FEATURE:0cxx_alignas
    Feature record: CXX_FEATURE:0cxx_alignof
    Feature record: CXX_FEATURE:0cxx_attributes
    Feature record: CXX_FEATURE:0cxx_attribute_deprecated
    Feature record: CXX_FEATURE:0cxx_auto_type
    Feature record: CXX_FEATURE:0cxx_binary_literals
    Feature record: CXX_FEATURE:0cxx_constexpr
    Feature record: CXX_FEATURE:0cxx_contextual_conversions
    Feature record: CXX_FEATURE:0cxx_decltype
    Feature record: CXX_FEATURE:0cxx_decltype_auto
    Feature record: CXX_FEATURE:0cxx_decltype_incomplete_return_types
    Feature record: CXX_FEATURE:0cxx_default_function_template_args
    Feature record: CXX_FEATURE:0cxx_defaulted_functions
    Feature record: CXX_FEATURE:0cxx_defaulted_move_initializers
    Feature record: CXX_FEATURE:0cxx_delegating_constructors
    Feature record: CXX_FEATURE:0cxx_deleted_functions
    Feature record: CXX_FEATURE:0cxx_digit_separators
    Feature record: CXX_FEATURE:0cxx_enum_forward_declarations
    Feature record: CXX_FEATURE:0cxx_explicit_conversions
    Feature record: CXX_FEATURE:0cxx_extended_friend_declarations
    Feature record: CXX_FEATURE:0cxx_extern_templates
    Feature record: CXX_FEATURE:0cxx_final
    Feature record: CXX_FEATURE:0cxx_func_identifier
    Feature record: CXX_FEATURE:0cxx_generalized_initializers
    Feature record: CXX_FEATURE:0cxx_generic_lambdas
    Feature record: CXX_FEATURE:0cxx_inheriting_constructors
    Feature record: CXX_FEATURE:0cxx_inline_namespaces
    Feature record: CXX_FEATURE:0cxx_lambdas
    Feature record: CXX_FEATURE:0cxx_lambda_init_captures
    Feature record: CXX_FEATURE:0cxx_local_type_template_args
    Feature record: CXX_FEATURE:0cxx_long_long_type
    Feature record: CXX_FEATURE:0cxx_noexcept
    Feature record: CXX_FEATURE:0cxx_nonstatic_member_init
    Feature record: CXX_FEATURE:0cxx_nullptr
    Feature record: CXX_FEATURE:0cxx_override
    Feature record: CXX_FEATURE:0cxx_range_for
    Feature record: CXX_FEATURE:0cxx_raw_string_literals
    Feature record: CXX_FEATURE:0cxx_reference_qualified_functions
    Feature record: CXX_FEATURE:0cxx_relaxed_constexpr
    Feature record: CXX_FEATURE:0cxx_return_type_deduction
    Feature record: CXX_FEATURE:0cxx_right_angle_brackets
    Feature record: CXX_FEATURE:0cxx_rvalue_references
    Feature record: CXX_FEATURE:0cxx_sizeof_member
    Feature record: CXX_FEATURE:0cxx_static_assert
    Feature record: CXX_FEATURE:0cxx_strong_enums
    Feature record: CXX_FEATURE:1cxx_template_template_parameters
    Feature record: CXX_FEATURE:0cxx_thread_local
    Feature record: CXX_FEATURE:0cxx_trailing_return_types
    Feature record: CXX_FEATURE:0cxx_unicode_literals
    Feature record: CXX_FEATURE:0cxx_uniform_initialization
    Feature record: CXX_FEATURE:0cxx_unrestricted_unions
    Feature record: CXX_FEATURE:0cxx_user_literals
    Feature record: CXX_FEATURE:0cxx_variable_templates
    Feature record: CXX_FEATURE:0cxx_variadic_macros
    Feature record: CXX_FEATURE:0cxx_variadic_templates
Determining if the include file pthread.h exists passed with the following output:
Change Dir: /localdisk/rsanna/Montage/ext/Clevel-Hashing/CMakeFiles/CMakeTmp

Run Build Command(s):/usr/bin/gmake cmTC_3234e/fast 
/usr/bin/gmake -f CMakeFiles/cmTC_3234e.dir/build.make CMakeFiles/cmTC_3234e.dir/build
gmake[1]: Entering directory '/localdisk/rsanna/Montage/ext/Clevel-Hashing/CMakeFiles/CMakeTmp'
Building C object CMakeFiles/cmTC_3234e.dir/CheckIncludeFile.c.o
/usr/bin/cc    -o CMakeFiles/cmTC_3234e.dir/CheckIncludeFile.c.o   -c /localdisk/rsanna/Montage/ext/Clevel-Hashing/CMakeFiles/CMakeTmp/CheckIncludeFile.c
Linking C executable cmTC_3234e
/usr/bin/cmake -E cmake_link_script CMakeFiles/cmTC_3234e.dir/link.txt --verbose=1
/usr/bin/cc      -rdynamic CMakeFiles/cmTC_3234e.dir/CheckIncludeFile.c.o  -o cmTC_3234e 
gmake[1]: Leaving directory '/localdisk/rsanna/Montage/ext/Clevel-Hashing/CMakeFiles/CMakeTmp'


Determining if the function pthread_create exists in the pthread passed with the following output:
Change Dir: /localdisk/rsanna/Montage/ext/Clevel-Hashing/CMakeFiles/CMakeTmp

Run Build Command(s):/usr/bin/gmake cmTC_13b82/fast 
/usr/bin/gmake -f CMakeFiles/cmTC_13b82.dir/build.make CMakeFiles/cmTC_13b82.dir/build
gmake[1]: Entering directory '/localdisk/rsanna/Montage/ext/Clevel-Hashing/CMakeFiles/CMakeTmp'
Building C object CMakeFiles/cmTC_13b82.dir/CheckFunctionExists.c.o
/usr/bin/cc   -DCHECK_FUNCTION_EXISTS=pthread_create   -o CMakeFiles/cmTC_13b82.dir/CheckFunctionExists.c.o   -c /usr/share/cmake/Modules/CheckFunctionExists.c
Linking C executable cmTC_13b82
/usr/bin/cmake -E cmake_link_script CMakeFiles/cmTC_13b82.dir/link.txt --verbose=1
/usr/bin/cc  -DCHECK_FUNCTION_EXISTS=pthread_create    -rdynamic CMakeFiles/cmTC_13b82.dir/CheckFunctionExists.c.o  -o cmTC_13b82 -lpthread 
gmake[1]: Leaving directory '/localdisk/rsanna/Montage/ext/Clevel-Hashing/CMakeFiles/CMakeTmp'


Performing C++ SOURCE FILE Test PMEMVLT_PRESENT succeeded with the following output:
Change Dir: /localdisk/rsanna/Montage/ext/Clevel-Hashing/CMakeFiles/CMakeTmp

Run Build Command(s):/usr/bin/gmake cmTC_b8cdb/fast 
/usr/bin/gmake -f CMakeFiles/cmTC_b8cdb.dir/build.make CMakeFiles/cmTC_b8cdb.dir/build
gmake[1]: Entering directory '/localdisk/rsanna/Montage/ext/Clevel-Hashing/CMakeFiles/CMakeTmp'
Building CXX object CMakeFiles/cmTC_b8cdb.dir/src.cxx.o
/usr/bin/c++    -DPMEMVLT_PRESENT   -o CMakeFiles/cmTC_b8cdb.dir/src.cxx.o -c /localdisk/rsanna/Montage/ext/Clevel-Hashing/CMakeFiles/CMakeTmp/src.cxx
Linking CXX executable cmTC_b8cdb
/usr/bin/cmake -E cmake_link_script CMakeFiles/cmTC_b8cdb.dir/link.txt --verbose=1
/usr/bin/c++   -DPMEMVLT_PRESENT    -rdynamic CMakeFiles/cmTC_b8cdb.dir/src.cxx.o  -o cmTC_b8cdb 
gmake[1]: Leaving directory '/localdisk/rsanna/Montage/ext/Clevel-Hashing/CMakeFiles/CMakeTmp'

Source file was:
#include <libpmemobj.h>
	struct pmemvlt vlt;
	int main() {}
Performing C++ SOURCE FILE Test NO_GCC_VARIADIC_TEMPLATE_BUG succeeded with the following output:
Change Dir: /localdisk/rsanna/Montage/ext/Clevel-Hashing/CMakeFiles/CMakeTmp

Run Build Command(s):/usr/bin/gmake cmTC_c5e23/fast 
/usr/bin/gmake -f CMakeFiles/cmTC_c5e23.dir/build.make CMakeFiles/cmTC_c5e23.dir/build
gmake[1]: Entering directory '/localdisk/rsanna/Montage/ext/Clevel-Hashing/CMakeFiles/CMakeTmp'
Building CXX object CMakeFiles/cmTC_c5e23.dir/src.cxx.o
/usr/bin/c++    -DNO_GCC_VARIADIC_TEMPLATE_BUG --std=c++11 -Wno-error -c   -o CMakeFiles/cmTC_c5e23.dir/src.cxx.o -c /localdisk/rsanna/Montage/ext/Clevel-Hashing/CMakeFiles/CMakeTmp/src.cxx
Linking CXX executable cmTC_c5e23
/usr/bin/cmake -E cmake_link_script CMakeFiles/cmTC_c5e23.dir/link.txt --verbose=1
/usr/bin/c++   -DNO_GCC_VARIADIC_TEMPLATE_BUG --std=c++11 -Wno-error -c    -rdynamic CMakeFiles/cmTC_c5e23.dir/src.cxx.o  -o cmTC_c5e23 
c++: warning: CMakeFiles/cmTC_c5e23.dir/src.cxx.o: linker input file unused because linking not done
gmake[1]: Leaving directory '/localdisk/rsanna/Montage/ext/Clevel-Hashing/CMakeFiles/CMakeTmp'

Source file was:
void print() {}
		template<typename...Args, typename T>
		void print(const T&, const Args &...arg) {
			auto f = [&]{ print(arg...);};
		}
		int main() {
			print(1, 2, 3);
			return 0;
		}
Performing C++ SOURCE FILE Test NO_GCC_AGGREGATE_INITIALIZATION_BUG succeeded with the following output:
Change Dir: /localdisk/rsanna/Montage/ext/Clevel-Hashing/CMakeFiles/CMakeTmp

Run Build Command(s):/usr/bin/gmake cmTC_03c38/fast 
/usr/bin/gmake -f CMakeFiles/cmTC_03c38.dir/build.make CMakeFiles/cmTC_03c38.dir/build
gmake[1]: Entering directory '/localdisk/rsanna/Montage/ext/Clevel-Hashing/CMakeFiles/CMakeTmp'
Building CXX object CMakeFiles/cmTC_03c38.dir/src.cxx.o
/usr/bin/c++    -DNO_GCC_AGGREGATE_INITIALIZATION_BUG --std=c++11 -Wno-error -c   -o CMakeFiles/cmTC_03c38.dir/src.cxx.o -c /localdisk/rsanna/Montage/ext/Clevel-Hashing/CMakeFiles/CMakeTmp/src.cxx
Linking CXX executable cmTC_03c38
/usr/bin/cmake -E cmake_link_script CMakeFiles/cmTC_03c38.dir/link.txt --verbose=1
/usr/bin/c++   -DNO_GCC_AGGREGATE_INITIALIZATION_BUG --std=c++11 -Wno-error -c    -rdynamic CMakeFiles/cmTC_03c38.dir/src.cxx.o  -o cmTC_03c38 
c++: warning: CMakeFiles/cmTC_03c38.dir/src.cxx.o: linker input file unused because linking not done
gmake[1]: Leaving directory '/localdisk/rsanna/Montage/ext/Clevel-Hashing/CMakeFiles/CMakeTmp'

Source file was:
struct array {
			int data[2];
		};
		struct X {
			array a = { 1, 2 };
		};
		int main() {
			return 0;
		}
Performing C++ SOURCE FILE Test NO_CLANG_BRACE_INITIALIZATION_NEWEXPR_BUG succeeded with the following output:
Change Dir: /localdisk/rsanna/Montage/ext/Clevel-Hashing/CMakeFiles/CMakeTmp

Run Build Command(s):/usr/bin/gmake cmTC_2f687/fast 
/usr/bin/gmake -f CMakeFiles/cmTC_2f687.dir/build.make CMakeFiles/cmTC_2f687.dir/build
gmake[1]: Entering directory '/localdisk/rsanna/Montage/ext/Clevel-Hashing/CMakeFiles/CMakeTmp'
Building CXX object CMakeFiles/cmTC_2f687.dir/src.cxx.o
/usr/bin/c++    -DNO_CLANG_BRACE_INITIALIZATION_NEWEXPR_BUG --std=c++11 -Wno-error   -o CMakeFiles/cmTC_2f687.dir/src.cxx.o -c /localdisk/rsanna/Montage/ext/Clevel-Hashing/CMakeFiles/CMakeTmp/src.cxx
Linking CXX executable cmTC_2f687
/usr/bin/cmake -E cmake_link_script CMakeFiles/cmTC_2f687.dir/link.txt --verbose=1
/usr/bin/c++   -DNO_CLANG_BRACE_INITIALIZATION_NEWEXPR_BUG --std=c++11 -Wno-error    -rdynamic CMakeFiles/cmTC_2f687.dir/src.cxx.o  -o cmTC_2f687 
gmake[1]: Leaving directory '/localdisk/rsanna/Montage/ext/Clevel-Hashing/CMakeFiles/CMakeTmp'

Source file was:
template<typename T>
		struct A {
			 A() {};
			~A() {};
		};
		struct B {
			A<int> a;
			A<int> b;
		};
		int main() {
			new B{};
			return 0;
		}
Performing C++ SOURCE FILE Test NO_CLANG_TEMPLATE_BUG succeeded with the following output:
Change Dir: /localdisk/rsanna/Montage/ext/Clevel-Hashing/CMakeFiles/CMakeTmp

Run Build Command(s):/usr/bin/gmake cmTC_0214b/fast 
/usr/bin/gmake -f CMakeFiles/cmTC_0214b.dir/build.make CMakeFiles/cmTC_0214b.dir/build
gmake[1]: Entering directory '/localdisk/rsanna/Montage/ext/Clevel-Hashing/CMakeFiles/CMakeTmp'
Building CXX object CMakeFiles/cmTC_0214b.dir/src.cxx.o
/usr/bin/c++   -I/localdisk/rsanna/Montage/ext/Clevel-Hashing/include  -DNO_CLANG_TEMPLATE_BUG --std=c++11 -Wno-error -c   -o CMakeFiles/cmTC_0214b.dir/src.cxx.o -c /localdisk/rsanna/Montage/ext/Clevel-Hashing/CMakeFiles/CMakeTmp/src.cxx
Linking CXX executable cmTC_0214b
/usr/bin/cmake -E cmake_link_script CMakeFiles/cmTC_0214b.dir/link.txt --verbose=1
/usr/bin/c++   -DNO_CLANG_TEMPLATE_BUG --std=c++11 -Wno-error -c    -rdynamic CMakeFiles/cmTC_0214b.dir/src.cxx.o  -o cmTC_0214b 
c++: warning: CMakeFiles/cmTC_0214b.dir/src.cxx.o: linker input file unused because linking not done
gmake[1]: Leaving directory '/localdisk/rsanna/Montage/ext/Clevel-Hashing/CMakeFiles/CMakeTmp'

Source file was:
#include <libpmemobj++/make_persistent_array.hpp>
		using namespace pmem::obj;
		int main() {
			delete_persistent<int[][3]>(make_persistent<int[][3]>(2), 2);
			return 0;
		}
Performing C++ SOURCE FILE Test NO_CHRONO_BUG succeeded with the following output:
Change Dir: /localdisk/rsanna/Montage/ext/Clevel-Hashing/CMakeFiles/CMakeTmp

Run Build Command(s):/usr/bin/gmake cmTC_9a8f4/fast 
/usr/bin/gmake -f CMakeFiles/cmTC_9a8f4.dir/build.make CMakeFiles/cmTC_9a8f4.dir/build
gmake[1]: Entering directory '/localdisk/rsanna/Montage/ext/Clevel-Hashing/CMakeFiles/CMakeTmp'
Building CXX object CMakeFiles/cmTC_9a8f4.dir/src.cxx.o
/usr/bin/c++   -I/localdisk/rsanna/Montage/ext/Clevel-Hashing/include  -DNO_CHRONO_BUG --std=c++11 -Wno-error -include future   -o CMakeFiles/cmTC_9a8f4.dir/src.cxx.o -c /localdisk/rsanna/Montage/ext/Clevel-Hashing/CMakeFiles/CMakeTmp/src.cxx
Linking CXX executable cmTC_9a8f4
/usr/bin/cmake -E cmake_link_script CMakeFiles/cmTC_9a8f4.dir/link.txt --verbose=1
/usr/bin/c++   -DNO_CHRONO_BUG --std=c++11 -Wno-error -include future    -rdynamic CMakeFiles/cmTC_9a8f4.dir/src.cxx.o  -o cmTC_9a8f4 
gmake[1]: Leaving directory '/localdisk/rsanna/Montage/ext/Clevel-Hashing/CMakeFiles/CMakeTmp'

Source file was:
int main() { return 0; }
Performing C++ SOURCE FILE Test MAX_ALIGN_TYPE_EXISTS succeeded with the following output:
Change Dir: /localdisk/rsanna/Montage/ext/Clevel-Hashing/CMakeFiles/CMakeTmp

Run Build Command(s):/usr/bin/gmake cmTC_c5ea6/fast 
/usr/bin/gmake -f CMakeFiles/cmTC_c5ea6.dir/build.make CMakeFiles/cmTC_c5ea6.dir/build
gmake[1]: Entering directory '/localdisk/rsanna/Montage/ext/Clevel-Hashing/CMakeFiles/CMakeTmp'
Building CXX object CMakeFiles/cmTC_c5ea6.dir/src.cxx.o
/usr/bin/c++   -I/localdisk/rsanna/Montage/ext/Clevel-Hashing/include  -DMAX_ALIGN_TYPE_EXISTS --std=c++11 -c   -o CMakeFiles/cmTC_c5ea6.dir/src.cxx.o -c /localdisk/rsanna/Montage/ext/Clevel-Hashing/CMakeFiles/CMakeTmp/src.cxx
Linking CXX executable cmTC_c5ea6
/usr/bin/cmake -E cmake_link_script CMakeFiles/cmTC_c5ea6.dir/link.txt --verbose=1
/usr/bin/c++   -DMAX_ALIGN_TYPE_EXISTS --std=c++11 -c    -rdynamic CMakeFiles/cmTC_c5ea6.dir/src.cxx.o  -o cmTC_c5ea6 
c++: warning: CMakeFiles/cmTC_c5ea6.dir/src.cxx.o: linker input file unused because linking not done
gmake[1]: Leaving directory '/localdisk/rsanna/Montage/ext/Clevel-Hashing/CMakeFiles/CMakeTmp'

Source file was:
#include <cstddef>
	int main() {
	    std::max_align_t var;
	    return 0;
	}
Performing C++ SOURCE FILE Test CXX_HAS__Wall succeeded with the following output:
Change Dir: /localdisk/rsanna/Montage/ext/Clevel-Hashing/CMakeFiles/CMakeTmp

Run Build Command(s):/usr/bin/gmake cmTC_4e0a6/fast 
/usr/bin/gmake -f CMakeFiles/cmTC_4e0a6.dir/build.make CMakeFiles/cmTC_4e0a6.dir/build
gmake[1]: Entering directory '/localdisk/rsanna/Montage/ext/Clevel-Hashing/CMakeFiles/CMakeTmp'
Building CXX object CMakeFiles/cmTC_4e0a6.dir/src.cxx.o
/usr/bin/c++    -DCXX_HAS__Wall   -Wall -o CMakeFiles/cmTC_4e0a6.dir/src.cxx.o -c /localdisk/rsanna/Montage/ext/Clevel-Hashing/CMakeFiles/CMakeTmp/src.cxx
Linking CXX executable cmTC_4e0a6
/usr/bin/cmake -E cmake_link_script CMakeFiles/cmTC_4e0a6.dir/link.txt --verbose=1
/usr/bin/c++   -DCXX_HAS__Wall    -rdynamic CMakeFiles/cmTC_4e0a6.dir/src.cxx.o  -o cmTC_4e0a6 
gmake[1]: Leaving directory '/localdisk/rsanna/Montage/ext/Clevel-Hashing/CMakeFiles/CMakeTmp'

Source file was:
int main() { return 0; }
Performing C++ SOURCE FILE Test CXX_HAS__Wpointer_arith succeeded with the following output:
Change Dir: /localdisk/rsanna/Montage/ext/Clevel-Hashing/CMakeFiles/CMakeTmp

Run Build Command(s):/usr/bin/gmake cmTC_5b0bc/fast 
/usr/bin/gmake -f CMakeFiles/cmTC_5b0bc.dir/build.make CMakeFiles/cmTC_5b0bc.dir/build
gmake[1]: Entering directory '/localdisk/rsanna/Montage/ext/Clevel-Hashing/CMakeFiles/CMakeTmp'
Building CXX object CMakeFiles/cmTC_5b0bc.dir/src.cxx.o
/usr/bin/c++    -Wall -DCXX_HAS__Wpointer_arith   -Wpointer-arith -o CMakeFiles/cmTC_5b0bc.dir/src.cxx.o -c /localdisk/rsanna/Montage/ext/Clevel-Hashing/CMakeFiles/CMakeTmp/src.cxx
Linking CXX executable cmTC_5b0bc
/usr/bin/cmake -E cmake_link_script CMakeFiles/cmTC_5b0bc.dir/link.txt --verbose=1
/usr/bin/c++   -Wall -DCXX_HAS__Wpointer_arith    -rdynamic CMakeFiles/cmTC_5b0bc.dir/src.cxx.o  -o cmTC_5b0bc 
gmake[1]: Leaving directory '/localdisk/rsanna/Montage/ext/Clevel-Hashing/CMakeFiles/CMakeTmp'

Source file was:
int main() { return 0; }
Performing C++ SOURCE FILE Test CXX_HAS__Wunused_macros succeeded with the following output:
Change Dir: /localdisk/rsanna/Montage/ext/Clevel-Hashing/CMakeFiles/CMakeTmp

Run Build Command(s):/usr/bin/gmake cmTC_be44f/fast 
/usr/bin/gmake -f CMakeFiles/cmTC_be44f.dir/build.make CMakeFiles/cmTC_be44f.dir/build
gmake[1]: Entering directory '/localdisk/rsanna/Montage/ext/Clevel-Hashing/CMakeFiles/CMakeTmp'
Building CXX object CMakeFiles/cmTC_be44f.dir/src.cxx.o
/usr/bin/c++    -Wall -Wpointer-arith -DCXX_HAS__Wunused_macros   -Wunused-macros -o CMakeFiles/cmTC_be44f.dir/src.cxx.o -c /localdisk/rsanna/Montage/ext/Clevel-Hashing/CMakeFiles/CMakeTmp/src.cxx
Linking CXX executable cmTC_be44f
/usr/bin/cmake -E cmake_link_script CMakeFiles/cmTC_be44f.dir/link.txt --verbose=1
/usr/bin/c++   -Wall -Wpointer-arith -DCXX_HAS__Wunused_macros    -rdynamic CMakeFiles/cmTC_be44f.dir/src.cxx.o  -o cmTC_be44f 
gmake[1]: Leaving directory '/localdisk/rsanna/Montage/ext/Clevel-Hashing/CMakeFiles/CMakeTmp'

Source file was:
int main() { return 0; }
Performing C++ SOURCE FILE Test CXX_HAS__Wsign_conversion succeeded with the following output:
Change Dir: /localdisk/rsanna/Montage/ext/Clevel-Hashing/CMakeFiles/CMakeTmp

Run Build Command(s):/usr/bin/gmake cmTC_6068a/fast 
/usr/bin/gmake -f CMakeFiles/cmTC_6068a.dir/build.make CMakeFiles/cmTC_6068a.dir/build
gmake[1]: Entering directory '/localdisk/rsanna/Montage/ext/Clevel-Hashing/CMakeFiles/CMakeTmp'
Building CXX object CMakeFiles/cmTC_6068a.dir/src.cxx.o
/usr/bin/c++    -Wall -Wpointer-arith -Wunused-macros -DCXX_HAS__Wsign_conversion   -Wsign-conversion -o CMakeFiles/cmTC_6068a.dir/src.cxx.o -c /localdisk/rsanna/Montage/ext/Clevel-Hashing/CMakeFiles/CMakeTmp/src.cxx
Linking CXX executable cmTC_6068a
/usr/bin/cmake -E cmake_link_script CMakeFiles/cmTC_6068a.dir/link.txt --verbose=1
/usr/bin/c++   -Wall -Wpointer-arith -Wunused-macros -DCXX_HAS__Wsign_conversion    -rdynamic CMakeFiles/cmTC_6068a.dir/src.cxx.o  -o cmTC_6068a 
gmake[1]: Leaving directory '/localdisk/rsanna/Montage/ext/Clevel-Hashing/CMakeFiles/CMakeTmp'

Source file was:
int main() { return 0; }
Performing C++ SOURCE FILE Test CXX_HAS__Wsign_compare succeeded with the following output:
Change Dir: /localdisk/rsanna/Montage/ext/Clevel-Hashing/CMakeFiles/CMakeTmp

Run Build Command(s):/usr/bin/gmake cmTC_5362e/fast 
/usr/bin/gmake -f CMakeFiles/cmTC_5362e.dir/build.make CMakeFiles/cmTC_5362e.dir/build
gmake[1]: Entering directory '/localdisk/rsanna/Montage/ext/Clevel-Hashing/CMakeFiles/CMakeTmp'
Building CXX object CMakeFiles/cmTC_5362e.dir/src.cxx.o
/usr/bin/c++    -Wall -Wpointer-arith -Wunused-macros -Wsign-conversion -DCXX_HAS__Wsign_compare   -Wsign-compare -o CMakeFiles/cmTC_5362e.dir/src.cxx.o -c /localdisk/rsanna/Montage/ext/Clevel-Hashing/CMakeFiles/CMakeTmp/src.cxx
Linking CXX executable cmTC_5362e
/usr/bin/cmake -E cmake_link_script CMakeFiles/cmTC_5362e.dir/link.txt --verbose=1
/usr/bin/c++   -Wall -Wpointer-arith -Wunused-macros -Wsign-conversion -DCXX_HAS__Wsign_compare    -rdynamic CMakeFiles/cmTC_5362e.dir/src.cxx.o  -o cmTC_5362e 
gmake[1]: Leaving directory '/localdisk/rsanna/Montage/ext/Clevel-Hashing/CMakeFiles/CMakeTmp'

Source file was:
int main() { return 0; }
Performing C++ SOURCE FILE Test CXX_HAS__fno_common succeeded with the following output:
Change Dir: /localdisk/rsanna/Montage/ext/Clevel-Hashing/CMakeFiles/CMakeTmp

Run Build Command(s):/usr/bin/gmake cmTC_3f51d/fast 
/usr/bin/gmake -f CMakeFiles/cmTC_3f51d.dir/build.make CMakeFiles/cmTC_3f51d.dir/build
gmake[1]: Entering directory '/localdisk/rsanna/Montage/ext/Clevel-Hashing/CMakeFiles/CMakeTmp'
Building CXX object CMakeFiles/cmTC_3f51d.dir/src.cxx.o
/usr/bin/c++    -Wall -Wpointer-arith -Wunused-macros -Wsign-conversion -Wsign-compare -DCXX_HAS__fno_common   -fno-common -o CMakeFiles/cmTC_3f51d.dir/src.cxx.o -c /localdisk/rsanna/Montage/ext/Clevel-Hashing/CMakeFiles/CMakeTmp/src.cxx
Linking CXX executable cmTC_3f51d
/usr/bin/cmake -E cmake_link_script CMakeFiles/cmTC_3f51d.dir/link.txt --verbose=1
/usr/bin/c++   -Wall -Wpointer-arith -Wunused-macros -Wsign-conversion -Wsign-compare -DCXX_HAS__fno_common    -rdynamic CMakeFiles/cmTC_3f51d.dir/src.cxx.o  -o cmTC_3f51d 
gmake[1]: Leaving directory '/localdisk/rsanna/Montage/ext/Clevel-Hashing/CMakeFiles/CMakeTmp'

Source file was:
int main() { return 0; }
Performing C++ SOURCE FILE Test CXX_HAS__ggdb succeeded with the following output:
Change Dir: /localdisk/rsanna/Montage/ext/Clevel-Hashing/CMakeFiles/CMakeTmp

Run Build Command(s):/usr/bin/gmake cmTC_a9344/fast 
/usr/bin/gmake -f CMakeFiles/cmTC_a9344.dir/build.make CMakeFiles/cmTC_a9344.dir/build
gmake[1]: Entering directory '/localdisk/rsanna/Montage/ext/Clevel-Hashing/CMakeFiles/CMakeTmp'
Building CXX object CMakeFiles/cmTC_a9344.dir/src.cxx.o
/usr/bin/c++    -Wall -Wpointer-arith -Wunused-macros -Wsign-conversion -Wsign-compare -fno-common -DCXX_HAS__ggdb   -ggdb -o CMakeFiles/cmTC_a9344.dir/src.cxx.o -c /localdisk/rsanna/Montage/ext/Clevel-Hashing/CMakeFiles/CMakeTmp/src.cxx
Linking CXX executable cmTC_a9344
/usr/bin/cmake -E cmake_link_script CMakeFiles/cmTC_a9344.dir/link.txt --verbose=1
/usr/bin/c++   -Wall -Wpointer-arith -Wunused-macros -Wsign-conversion -Wsign-compare -fno-common -DCXX_HAS__ggdb    -rdynamic CMakeFiles/cmTC_a9344.dir/src.cxx.o  -o cmTC_a9344 
gmake[1]: Leaving directory '/localdisk/rsanna/Montage/ext/Clevel-Hashing/CMakeFiles/CMakeTmp'

Source file was:
int main() { return 0; }
Performing C++ SOURCE FILE Test CXX_HAS__DDEBUG succeeded with the following output:
Change Dir: /localdisk/rsanna/Montage/ext/Clevel-Hashing/CMakeFiles/CMakeTmp

Run Build Command(s):/usr/bin/gmake cmTC_05d34/fast 
/usr/bin/gmake -f CMakeFiles/cmTC_05d34.dir/build.make CMakeFiles/cmTC_05d34.dir/build
gmake[1]: Entering directory '/localdisk/rsanna/Montage/ext/Clevel-Hashing/CMakeFiles/CMakeTmp'
Building CXX object CMakeFiles/cmTC_05d34.dir/src.cxx.o
/usr/bin/c++  -DDEBUG  -Wall -Wpointer-arith -Wunused-macros -Wsign-conversion -Wsign-compare -fno-common -DCXX_HAS__DDEBUG   -o CMakeFiles/cmTC_05d34.dir/src.cxx.o -c /localdisk/rsanna/Montage/ext/Clevel-Hashing/CMakeFiles/CMakeTmp/src.cxx
Linking CXX executable cmTC_05d34
/usr/bin/cmake -E cmake_link_script CMakeFiles/cmTC_05d34.dir/link.txt --verbose=1
/usr/bin/c++   -Wall -Wpointer-arith -Wunused-macros -Wsign-conversion -Wsign-compare -fno-common -DCXX_HAS__DDEBUG    -rdynamic CMakeFiles/cmTC_05d34.dir/src.cxx.o  -o cmTC_05d34 
gmake[1]: Leaving directory '/localdisk/rsanna/Montage/ext/Clevel-Hashing/CMakeFiles/CMakeTmp'

Source file was:
int main() { return 0; }
Performing C++ SOURCE FILE Test CXX_HAS__U_FORTIFY_SOURCE__D_FORTIFY_SOURCE_2 succeeded with the following output:
Change Dir: /localdisk/rsanna/Montage/ext/Clevel-Hashing/CMakeFiles/CMakeTmp

Run Build Command(s):/usr/bin/gmake cmTC_f800a/fast 
/usr/bin/gmake -f CMakeFiles/cmTC_f800a.dir/build.make CMakeFiles/cmTC_f800a.dir/build
gmake[1]: Entering directory '/localdisk/rsanna/Montage/ext/Clevel-Hashing/CMakeFiles/CMakeTmp'
Building CXX object CMakeFiles/cmTC_f800a.dir/src.cxx.o
/usr/bin/c++    -Wall -Wpointer-arith -Wunused-macros -Wsign-conversion -Wsign-compare -fno-common -DCXX_HAS__U_FORTIFY_SOURCE__D_FORTIFY_SOURCE_2   -U_FORTIFY_SOURCE -D_FORTIFY_SOURCE=2 -o CMakeFiles/cmTC_f800a.dir/src.cxx.o -c /localdisk/rsanna/Montage/ext/Clevel-Hashing/CMakeFiles/CMakeTmp/src.cxx
Linking CXX executable cmTC_f800a
/usr/bin/cmake -E cmake_link_script CMakeFiles/cmTC_f800a.dir/link.txt --verbose=1
/usr/bin/c++   -Wall -Wpointer-arith -Wunused-macros -Wsign-conversion -Wsign-compare -fno-common -DCXX_HAS__U_FORTIFY_SOURCE__D_FORTIFY_SOURCE_2    -rdynamic CMakeFiles/cmTC_f800a.dir/src.cxx.o  -o cmTC_f800a 
gmake[1]: Leaving directory '/localdisk/rsanna/Montage/ext/Clevel-Hashing/CMakeFiles/CMakeTmp'

Source file was:
int main() { return 0; }
